<?xml version="1.0" encoding="UTF-8"?>
<coverage generated="1524739427467" clover="3.2.0">
  <project timestamp="1524739427468" name="All files">
    <metrics statements="461" coveredstatements="94" conditionals="375" coveredconditionals="52" methods="152" coveredmethods="36" elements="988" coveredelements="182" complexity="0" loc="461" ncloc="461" packages="9" files="22" classes="22">
      <package name="src">
        <metrics statements="23" coveredstatements="1" conditionals="10" coveredconditionals="0" methods="9" coveredmethods="0"/>
        <file name="App.js" path="/Users/dwp/workspace/dwpComponents/react/src/App.js">
          <metrics statements="17" coveredstatements="0" conditionals="6" coveredconditionals="0" methods="8" coveredmethods="0"/>
          <line num="1" count="0" type="stmt"/>
          <line num="2" count="0" type="cond" truecount="0" falsecount="4"/>
          <line num="4" count="0" type="stmt"/>
          <line num="14" count="0" type="stmt"/>
          <line num="30" count="0" type="stmt"/>
          <line num="99" count="0" type="stmt"/>
          <line num="100" count="0" type="stmt"/>
          <line num="107" count="0" type="stmt"/>
          <line num="108" count="0" type="stmt"/>
          <line num="113" count="0" type="stmt"/>
          <line num="119" count="0" type="stmt"/>
          <line num="121" count="0" type="stmt"/>
          <line num="123" count="0" type="stmt"/>
          <line num="126" count="0" type="stmt"/>
          <line num="130" count="0" type="stmt"/>
          <line num="136" count="0" type="stmt"/>
          <line num="149" count="0" type="stmt"/>
        </file>
        <file name="index.js" path="/Users/dwp/workspace/dwpComponents/react/src/index.js">
          <metrics statements="5" coveredstatements="0" conditionals="4" coveredconditionals="0" methods="1" coveredmethods="0"/>
          <line num="1" count="0" type="stmt"/>
          <line num="2" count="0" type="stmt"/>
          <line num="3" count="0" type="stmt"/>
          <line num="4" count="0" type="cond" truecount="0" falsecount="4"/>
          <line num="6" count="0" type="stmt"/>
        </file>
        <file name="setupTests.js" path="/Users/dwp/workspace/dwpComponents/react/src/setupTests.js">
          <metrics statements="1" coveredstatements="1" conditionals="0" coveredconditionals="0" methods="0" coveredmethods="0"/>
          <line num="7" count="2" type="stmt"/>
        </file>
      </package>
      <package name="src.common">
        <metrics statements="31" coveredstatements="0" conditionals="19" coveredconditionals="0" methods="4" coveredmethods="0"/>
        <file name="Dom.js" path="/Users/dwp/workspace/dwpComponents/react/src/common/Dom.js">
          <metrics statements="31" coveredstatements="0" conditionals="19" coveredconditionals="0" methods="4" coveredmethods="0"/>
          <line num="1" count="0" type="stmt"/>
          <line num="4" count="0" type="cond" truecount="0" falsecount="4"/>
          <line num="13" count="0" type="stmt"/>
          <line num="15" count="0" type="cond" truecount="0" falsecount="2"/>
          <line num="16" count="0" type="stmt"/>
          <line num="20" count="0" type="cond" truecount="0" falsecount="2"/>
          <line num="21" count="0" type="stmt"/>
          <line num="22" count="0" type="cond" truecount="0" falsecount="2"/>
          <line num="23" count="0" type="stmt"/>
          <line num="26" count="0" type="stmt"/>
          <line num="33" count="0" type="stmt"/>
          <line num="34" count="0" type="stmt"/>
          <line num="36" count="0" type="stmt"/>
          <line num="37" count="0" type="stmt"/>
          <line num="38" count="0" type="stmt"/>
          <line num="39" count="0" type="stmt"/>
          <line num="41" count="0" type="stmt"/>
          <line num="47" count="0" type="stmt"/>
          <line num="48" count="0" type="stmt"/>
          <line num="49" count="0" type="stmt"/>
          <line num="50" count="0" type="stmt"/>
          <line num="51" count="0" type="stmt"/>
          <line num="53" count="0" type="cond" truecount="0" falsecount="3"/>
          <line num="54" count="0" type="stmt"/>
          <line num="55" count="0" type="cond" truecount="0" falsecount="2"/>
          <line num="56" count="0" type="stmt"/>
          <line num="57" count="0" type="cond" truecount="0" falsecount="2"/>
          <line num="60" count="0" type="cond" truecount="0" falsecount="2"/>
          <line num="62" count="0" type="stmt"/>
          <line num="63" count="0" type="stmt"/>
          <line num="65" count="0" type="stmt"/>
        </file>
      </package>
      <package name="src.icon">
        <metrics statements="3" coveredstatements="3" conditionals="0" coveredconditionals="0" methods="1" coveredmethods="1"/>
        <file name="Icon.js" path="/Users/dwp/workspace/dwpComponents/react/src/icon/Icon.js">
          <metrics statements="3" coveredstatements="3" conditionals="0" coveredconditionals="0" methods="1" coveredmethods="1"/>
          <line num="10" count="3" type="stmt"/>
          <line num="11" count="3" type="stmt"/>
          <line num="16" count="3" type="stmt"/>
        </file>
      </package>
      <package name="src.pagination">
        <metrics statements="50" coveredstatements="44" conditionals="44" coveredconditionals="38" methods="15" coveredmethods="13"/>
        <file name="Index.js" path="/Users/dwp/workspace/dwpComponents/react/src/pagination/Index.js">
          <metrics statements="6" coveredstatements="0" conditionals="4" coveredconditionals="0" methods="2" coveredmethods="0"/>
          <line num="1" count="0" type="stmt"/>
          <line num="4" count="0" type="stmt"/>
          <line num="5" count="0" type="cond" truecount="0" falsecount="4"/>
          <line num="9" count="0" type="stmt"/>
          <line num="15" count="0" type="stmt"/>
          <line num="18" count="0" type="stmt"/>
        </file>
        <file name="Pagination.js" path="/Users/dwp/workspace/dwpComponents/react/src/pagination/Pagination.js">
          <metrics statements="44" coveredstatements="44" conditionals="40" coveredconditionals="38" methods="13" coveredmethods="13"/>
          <line num="19" count="1" type="stmt"/>
          <line num="20" count="1" type="stmt"/>
          <line num="28" count="1" type="stmt"/>
          <line num="32" count="8" type="stmt"/>
          <line num="36" count="9" type="stmt"/>
          <line num="37" count="9" type="stmt"/>
          <line num="44" count="14" type="stmt"/>
          <line num="46" count="14" type="stmt"/>
          <line num="47" count="14" type="stmt"/>
          <line num="49" count="14" type="cond" truecount="4" falsecount="0"/>
          <line num="55" count="14" type="cond" truecount="2" falsecount="0"/>
          <line num="62" count="14" type="cond" truecount="2" falsecount="0"/>
          <line num="66" count="1" type="stmt"/>
          <line num="72" count="14" type="cond" truecount="2" falsecount="0"/>
          <line num="75" count="14" type="stmt"/>
          <line num="76" count="46" type="cond" truecount="2" falsecount="0"/>
          <line num="77" count="46" type="cond" truecount="2" falsecount="0"/>
          <line num="78" count="1" type="stmt"/>
          <line num="82" count="14" type="cond" truecount="2" falsecount="0"/>
          <line num="86" count="14" type="stmt"/>
          <line num="89" count="1" type="stmt"/>
          <line num="94" count="14" type="stmt"/>
          <line num="99" count="1" type="stmt"/>
          <line num="100" count="1" type="stmt"/>
          <line num="101" count="1" type="stmt"/>
          <line num="103" count="1" type="stmt"/>
          <line num="104" count="7" type="stmt"/>
          <line num="107" count="1" type="stmt"/>
          <line num="114" count="3" type="stmt"/>
          <line num="115" count="3" type="cond" truecount="2" falsecount="0"/>
          <line num="116" count="3" type="stmt"/>
          <line num="123" count="1" type="stmt"/>
          <line num="125" count="1" type="cond" truecount="2" falsecount="0"/>
          <line num="126" count="1" type="stmt"/>
          <line num="133" count="1" type="stmt"/>
          <line num="135" count="1" type="cond" truecount="2" falsecount="0"/>
          <line num="136" count="1" type="stmt"/>
          <line num="142" count="15" type="stmt"/>
          <line num="143" count="15" type="stmt"/>
          <line num="146" count="15" type="stmt"/>
          <line num="148" count="15" type="cond" truecount="2" falsecount="0"/>
          <line num="149" count="1" type="stmt"/>
          <line num="152" count="14" type="stmt"/>
          <line num="175" count="1" type="stmt"/>
        </file>
      </package>
      <package name="src.scrollBar">
        <metrics statements="33" coveredstatements="0" conditionals="35" coveredconditionals="0" methods="12" coveredmethods="0"/>
        <file name="ScrollBar.js" path="/Users/dwp/workspace/dwpComponents/react/src/scrollBar/ScrollBar.js">
          <metrics statements="7" coveredstatements="0" conditionals="4" coveredconditionals="0" methods="2" coveredmethods="0"/>
          <line num="1" count="0" type="stmt"/>
          <line num="11" count="0" type="stmt"/>
          <line num="12" count="0" type="stmt"/>
          <line num="13" count="0" type="cond" truecount="0" falsecount="4"/>
          <line num="17" count="0" type="stmt"/>
          <line num="18" count="0" type="stmt"/>
          <line num="27" count="0" type="stmt"/>
        </file>
        <file name="ScrollBarHoc.js" path="/Users/dwp/workspace/dwpComponents/react/src/scrollBar/ScrollBarHoc.js">
          <metrics statements="26" coveredstatements="0" conditionals="31" coveredconditionals="0" methods="10" coveredmethods="0"/>
          <line num="1" count="0" type="stmt"/>
          <line num="4" count="0" type="stmt"/>
          <line num="5" count="0" type="cond" truecount="0" falsecount="4"/>
          <line num="7" count="0" type="stmt"/>
          <line num="10" count="0" type="stmt"/>
          <line num="86" count="0" type="stmt"/>
          <line num="87" count="0" type="cond" truecount="0" falsecount="2"/>
          <line num="88" count="0" type="stmt"/>
          <line num="90" count="0" type="stmt"/>
          <line num="92" count="0" type="cond" truecount="0" falsecount="3"/>
          <line num="94" count="0" type="stmt"/>
          <line num="98" count="0" type="stmt"/>
          <line num="100" count="0" type="stmt"/>
          <line num="104" count="0" type="stmt"/>
          <line num="106" count="0" type="stmt"/>
          <line num="109" count="0" type="stmt"/>
          <line num="112" count="0" type="stmt"/>
          <line num="116" count="0" type="stmt"/>
          <line num="118" count="0" type="stmt"/>
          <line num="125" count="0" type="cond" truecount="0" falsecount="4"/>
          <line num="126" count="0" type="cond" truecount="0" falsecount="4"/>
          <line num="127" count="0" type="cond" truecount="0" falsecount="12"/>
          <line num="128" count="0" type="stmt"/>
          <line num="129" count="0" type="stmt"/>
          <line num="137" count="0" type="stmt"/>
          <line num="140" count="0" type="stmt"/>
        </file>
      </package>
      <package name="src.select">
        <metrics statements="83" coveredstatements="46" conditionals="50" coveredconditionals="14" methods="37" coveredmethods="22"/>
        <file name="Index.js" path="/Users/dwp/workspace/dwpComponents/react/src/select/Index.js">
          <metrics statements="5" coveredstatements="0" conditionals="4" coveredconditionals="0" methods="2" coveredmethods="0"/>
          <line num="1" count="0" type="stmt"/>
          <line num="12" count="0" type="stmt"/>
          <line num="13" count="0" type="cond" truecount="0" falsecount="4"/>
          <line num="17" count="0" type="stmt"/>
          <line num="28" count="0" type="stmt"/>
        </file>
        <file name="SearchInput.js" path="/Users/dwp/workspace/dwpComponents/react/src/select/SearchInput.js">
          <metrics statements="3" coveredstatements="0" conditionals="0" coveredconditionals="0" methods="1" coveredmethods="0"/>
          <line num="14" count="0" type="stmt"/>
          <line num="15" count="0" type="stmt"/>
          <line num="19" count="0" type="stmt"/>
        </file>
        <file name="Select.js" path="/Users/dwp/workspace/dwpComponents/react/src/select/Select.js">
          <metrics statements="62" coveredstatements="41" conditionals="28" coveredconditionals="9" methods="31" coveredmethods="21"/>
          <line num="15" count="5" type="cond" truecount="2" falsecount="1"/>
          <line num="19" count="1" type="stmt"/>
          <line num="20" count="1" type="cond" truecount="1" falsecount="1"/>
          <line num="21" count="0" type="stmt"/>
          <line num="23" count="1" type="stmt"/>
          <line num="25" count="4" type="stmt"/>
          <line num="29" count="1" type="stmt"/>
          <line num="30" count="1" type="stmt"/>
          <line num="34" count="1" type="stmt"/>
          <line num="35" count="1" type="stmt"/>
          <line num="41" count="1" type="stmt"/>
          <line num="43" count="1" type="stmt"/>
          <line num="46" count="1" type="cond" truecount="1" falsecount="1"/>
          <line num="47" count="1" type="stmt"/>
          <line num="48" count="1" type="stmt"/>
          <line num="50" count="0" type="stmt"/>
          <line num="51" count="0" type="cond" truecount="0" falsecount="2"/>
          <line num="52" count="0" type="stmt"/>
          <line num="56" count="1" type="stmt"/>
          <line num="62" count="1" type="cond" truecount="1" falsecount="1"/>
          <line num="63" count="0" type="stmt"/>
          <line num="65" count="0" type="stmt"/>
          <line num="68" count="0" type="stmt"/>
          <line num="73" count="0" type="stmt"/>
          <line num="76" count="1" type="stmt"/>
          <line num="77" count="1" type="stmt"/>
          <line num="78" count="7" type="stmt"/>
          <line num="81" count="1" type="stmt"/>
          <line num="88" count="2" type="stmt"/>
          <line num="96" count="1" type="stmt"/>
          <line num="97" count="1" type="stmt"/>
          <line num="101" count="1" type="stmt"/>
          <line num="103" count="1" type="stmt"/>
          <line num="110" count="0" type="stmt"/>
          <line num="111" count="0" type="stmt"/>
          <line num="112" count="0" type="cond" truecount="0" falsecount="2"/>
          <line num="113" count="0" type="stmt"/>
          <line num="116" count="0" type="cond" truecount="0" falsecount="2"/>
          <line num="117" count="0" type="cond" truecount="0" falsecount="4"/>
          <line num="122" count="0" type="stmt"/>
          <line num="129" count="0" type="cond" truecount="0" falsecount="2"/>
          <line num="130" count="0" type="stmt"/>
          <line num="132" count="0" type="stmt"/>
          <line num="138" count="2" type="stmt"/>
          <line num="151" count="1" type="stmt"/>
          <line num="152" count="1" type="stmt"/>
          <line num="156" count="1" type="stmt"/>
          <line num="157" count="1" type="stmt"/>
          <line num="163" count="1" type="stmt"/>
          <line num="164" count="1" type="stmt"/>
          <line num="171" count="0" type="stmt"/>
          <line num="177" count="2" type="stmt"/>
          <line num="185" count="1" type="stmt"/>
          <line num="186" count="2" type="stmt"/>
          <line num="190" count="3" type="stmt"/>
          <line num="192" count="3" type="stmt"/>
          <line num="199" count="0" type="stmt"/>
          <line num="203" count="0" type="stmt"/>
          <line num="208" count="4" type="stmt"/>
          <line num="217" count="2" type="stmt"/>
          <line num="235" count="1" type="stmt"/>
          <line num="239" count="1" type="stmt"/>
        </file>
        <file name="SelectInput.js" path="/Users/dwp/workspace/dwpComponents/react/src/select/SelectInput.js">
          <metrics statements="5" coveredstatements="5" conditionals="8" coveredconditionals="5" methods="1" coveredmethods="1"/>
          <line num="12" count="2" type="stmt"/>
          <line num="13" count="2" type="cond" truecount="1" falsecount="1"/>
          <line num="14" count="2" type="cond" truecount="3" falsecount="1"/>
          <line num="15" count="2" type="cond" truecount="1" falsecount="1"/>
          <line num="17" count="2" type="stmt"/>
        </file>
        <file name="SelectList.js" path="/Users/dwp/workspace/dwpComponents/react/src/select/SelectList.js">
          <metrics statements="8" coveredstatements="0" conditionals="10" coveredconditionals="0" methods="2" coveredmethods="0"/>
          <line num="11" count="0" type="stmt"/>
          <line num="12" count="0" type="cond" truecount="0" falsecount="2"/>
          <line num="13" count="0" type="stmt"/>
          <line num="17" count="0" type="stmt"/>
          <line num="24" count="0" type="cond" truecount="0" falsecount="2"/>
          <line num="25" count="0" type="stmt"/>
          <line num="26" count="0" type="stmt"/>
          <line num="28" count="0" type="stmt"/>
        </file>
      </package>
      <package name="src.table">
        <metrics statements="178" coveredstatements="0" conditionals="123" coveredconditionals="0" methods="47" coveredmethods="0"/>
        <file name="Index.js" path="/Users/dwp/workspace/dwpComponents/react/src/table/Index.js">
          <metrics statements="16" coveredstatements="0" conditionals="4" coveredconditionals="0" methods="8" coveredmethods="0"/>
          <line num="1" count="0" type="stmt"/>
          <line num="2" count="0" type="cond" truecount="0" falsecount="4"/>
          <line num="4" count="0" type="stmt"/>
          <line num="14" count="0" type="stmt"/>
          <line num="25" count="0" type="stmt"/>
          <line num="94" count="0" type="stmt"/>
          <line num="95" count="0" type="stmt"/>
          <line num="102" count="0" type="stmt"/>
          <line num="103" count="0" type="stmt"/>
          <line num="108" count="0" type="stmt"/>
          <line num="114" count="0" type="stmt"/>
          <line num="116" count="0" type="stmt"/>
          <line num="118" count="0" type="stmt"/>
          <line num="121" count="0" type="stmt"/>
          <line num="125" count="0" type="stmt"/>
          <line num="138" count="0" type="stmt"/>
        </file>
        <file name="Table.js" path="/Users/dwp/workspace/dwpComponents/react/src/table/Table.js">
          <metrics statements="162" coveredstatements="0" conditionals="119" coveredconditionals="0" methods="39" coveredmethods="0"/>
          <line num="1" count="0" type="stmt"/>
          <line num="4" count="0" type="stmt"/>
          <line num="5" count="0" type="stmt"/>
          <line num="6" count="0" type="stmt"/>
          <line num="7" count="0" type="stmt"/>
          <line num="8" count="0" type="stmt"/>
          <line num="9" count="0" type="stmt"/>
          <line num="10" count="0" type="cond" truecount="0" falsecount="4"/>
          <line num="14" count="0" type="cond" truecount="0" falsecount="3"/>
          <line num="18" count="0" type="stmt"/>
          <line num="19" count="0" type="cond" truecount="0" falsecount="2"/>
          <line num="20" count="0" type="stmt"/>
          <line num="22" count="0" type="stmt"/>
          <line num="24" count="0" type="stmt"/>
          <line num="27" count="0" type="stmt"/>
          <line num="31" count="0" type="stmt"/>
          <line num="40" count="0" type="stmt"/>
          <line num="43" count="0" type="stmt"/>
          <line num="46" count="0" type="stmt"/>
          <line num="47" count="0" type="cond" truecount="0" falsecount="2"/>
          <line num="48" count="0" type="stmt"/>
          <line num="53" count="0" type="stmt"/>
          <line num="65" count="0" type="stmt"/>
          <line num="130" count="0" type="stmt"/>
          <line num="131" count="0" type="stmt"/>
          <line num="133" count="0" type="stmt"/>
          <line num="134" count="0" type="stmt"/>
          <line num="135" count="0" type="stmt"/>
          <line num="136" count="0" type="stmt"/>
          <line num="137" count="0" type="stmt"/>
          <line num="138" count="0" type="stmt"/>
          <line num="141" count="0" type="cond" truecount="0" falsecount="2"/>
          <line num="142" count="0" type="stmt"/>
          <line num="144" count="0" type="cond" truecount="0" falsecount="2"/>
          <line num="145" count="0" type="stmt"/>
          <line num="146" count="0" type="stmt"/>
          <line num="147" count="0" type="stmt"/>
          <line num="152" count="0" type="cond" truecount="0" falsecount="2"/>
          <line num="153" count="0" type="stmt"/>
          <line num="156" count="0" type="stmt"/>
          <line num="163" count="0" type="stmt"/>
          <line num="168" count="0" type="stmt"/>
          <line num="174" count="0" type="cond" truecount="0" falsecount="2"/>
          <line num="176" count="0" type="stmt"/>
          <line num="177" count="0" type="stmt"/>
          <line num="178" count="0" type="cond" truecount="0" falsecount="2"/>
          <line num="179" count="0" type="stmt"/>
          <line num="180" count="0" type="cond" truecount="0" falsecount="2"/>
          <line num="182" count="0" type="stmt"/>
          <line num="183" count="0" type="stmt"/>
          <line num="186" count="0" type="stmt"/>
          <line num="189" count="0" type="stmt"/>
          <line num="190" count="0" type="cond" truecount="0" falsecount="2"/>
          <line num="192" count="0" type="cond" truecount="0" falsecount="3"/>
          <line num="194" count="0" type="stmt"/>
          <line num="195" count="0" type="stmt"/>
          <line num="197" count="0" type="stmt"/>
          <line num="198" count="0" type="stmt"/>
          <line num="200" count="0" type="stmt"/>
          <line num="205" count="0" type="cond" truecount="0" falsecount="2"/>
          <line num="206" count="0" type="stmt"/>
          <line num="207" count="0" type="stmt"/>
          <line num="208" count="0" type="stmt"/>
          <line num="212" count="0" type="cond" truecount="0" falsecount="2"/>
          <line num="213" count="0" type="stmt"/>
          <line num="214" count="0" type="stmt"/>
          <line num="215" count="0" type="cond" truecount="0" falsecount="2"/>
          <line num="216" count="0" type="stmt"/>
          <line num="218" count="0" type="stmt"/>
          <line num="219" count="0" type="cond" truecount="0" falsecount="3"/>
          <line num="221" count="0" type="stmt"/>
          <line num="226" count="0" type="stmt"/>
          <line num="235" count="0" type="stmt"/>
          <line num="239" count="0" type="stmt"/>
          <line num="240" count="0" type="stmt"/>
          <line num="242" count="0" type="cond" truecount="0" falsecount="2"/>
          <line num="243" count="0" type="stmt"/>
          <line num="244" count="0" type="stmt"/>
          <line num="247" count="0" type="cond" truecount="0" falsecount="2"/>
          <line num="249" count="0" type="stmt"/>
          <line num="256" count="0" type="stmt"/>
          <line num="260" count="0" type="stmt"/>
          <line num="261" count="0" type="stmt"/>
          <line num="263" count="0" type="cond" truecount="0" falsecount="2"/>
          <line num="264" count="0" type="cond" truecount="0" falsecount="2"/>
          <line num="266" count="0" type="cond" truecount="0" falsecount="2"/>
          <line num="268" count="0" type="stmt"/>
          <line num="269" count="0" type="stmt"/>
          <line num="277" count="0" type="stmt"/>
          <line num="278" count="0" type="cond" truecount="0" falsecount="2"/>
          <line num="280" count="0" type="stmt"/>
          <line num="282" count="0" type="stmt"/>
          <line num="283" count="0" type="stmt"/>
          <line num="286" count="0" type="stmt"/>
          <line num="287" count="0" type="stmt"/>
          <line num="290" count="0" type="stmt"/>
          <line num="292" count="0" type="stmt"/>
          <line num="293" count="0" type="stmt"/>
          <line num="297" count="0" type="stmt"/>
          <line num="298" count="0" type="stmt"/>
          <line num="299" count="0" type="stmt"/>
          <line num="300" count="0" type="stmt"/>
          <line num="302" count="0" type="stmt"/>
          <line num="311" count="0" type="stmt"/>
          <line num="315" count="0" type="stmt"/>
          <line num="316" count="0" type="cond" truecount="0" falsecount="2"/>
          <line num="318" count="0" type="stmt"/>
          <line num="319" count="0" type="stmt"/>
          <line num="322" count="0" type="cond" truecount="0" falsecount="2"/>
          <line num="323" count="0" type="stmt"/>
          <line num="325" count="0" type="stmt"/>
          <line num="328" count="0" type="stmt"/>
          <line num="335" count="0" type="stmt"/>
          <line num="339" count="0" type="stmt"/>
          <line num="341" count="0" type="cond" truecount="0" falsecount="2"/>
          <line num="343" count="0" type="stmt"/>
          <line num="345" count="0" type="stmt"/>
          <line num="346" count="0" type="cond" truecount="0" falsecount="2"/>
          <line num="347" count="0" type="cond" truecount="0" falsecount="2"/>
          <line num="350" count="0" type="stmt"/>
          <line num="351" count="0" type="cond" truecount="0" falsecount="2"/>
          <line num="352" count="0" type="cond" truecount="0" falsecount="2"/>
          <line num="355" count="0" type="stmt"/>
          <line num="356" count="0" type="cond" truecount="0" falsecount="2"/>
          <line num="357" count="0" type="cond" truecount="0" falsecount="2"/>
          <line num="361" count="0" type="stmt"/>
          <line num="363" count="0" type="cond" truecount="0" falsecount="2"/>
          <line num="364" count="0" type="stmt"/>
          <line num="365" count="0" type="stmt"/>
          <line num="370" count="0" type="stmt"/>
          <line num="380" count="0" type="stmt"/>
          <line num="384" count="0" type="stmt"/>
          <line num="385" count="0" type="stmt"/>
          <line num="386" count="0" type="stmt"/>
          <line num="387" count="0" type="stmt"/>
          <line num="389" count="0" type="stmt"/>
          <line num="390" count="0" type="stmt"/>
          <line num="393" count="0" type="cond" truecount="0" falsecount="4"/>
          <line num="394" count="0" type="stmt"/>
          <line num="401" count="0" type="cond" truecount="0" falsecount="5"/>
          <line num="407" count="0" type="cond" truecount="0" falsecount="4"/>
          <line num="413" count="0" type="stmt"/>
          <line num="419" count="0" type="stmt"/>
          <line num="428" count="0" type="stmt"/>
          <line num="430" count="0" type="stmt"/>
          <line num="432" count="0" type="cond" truecount="0" falsecount="2"/>
          <line num="433" count="0" type="cond" truecount="0" falsecount="2"/>
          <line num="435" count="0" type="cond" truecount="0" falsecount="4"/>
          <line num="436" count="0" type="cond" truecount="0" falsecount="2"/>
          <line num="438" count="0" type="cond" truecount="0" falsecount="2"/>
          <line num="443" count="0" type="stmt"/>
          <line num="444" count="0" type="stmt"/>
          <line num="447" count="0" type="stmt"/>
          <line num="454" count="0" type="stmt"/>
          <line num="461" count="0" type="stmt"/>
          <line num="462" count="0" type="stmt"/>
          <line num="463" count="0" type="stmt"/>
          <line num="464" count="0" type="stmt"/>
          <line num="479" count="0" type="cond" truecount="0" falsecount="4"/>
          <line num="569" count="0" type="stmt"/>
          <line num="573" count="0" type="stmt"/>
          <line num="576" count="0" type="stmt"/>
        </file>
      </package>
      <package name="src.table.components">
        <metrics statements="39" coveredstatements="0" conditionals="76" coveredconditionals="0" methods="20" coveredmethods="0"/>
        <file name="Table.js" path="/Users/dwp/workspace/dwpComponents/react/src/table/components/Table.js">
          <metrics statements="14" coveredstatements="0" conditionals="24" coveredconditionals="0" methods="4" coveredmethods="0"/>
          <line num="1" count="0" type="stmt"/>
          <line num="4" count="0" type="stmt"/>
          <line num="5" count="0" type="stmt"/>
          <line num="6" count="0" type="stmt"/>
          <line num="7" count="0" type="stmt"/>
          <line num="8" count="0" type="stmt"/>
          <line num="9" count="0" type="cond" truecount="0" falsecount="4"/>
          <line num="13" count="0" type="stmt"/>
          <line num="15" count="0" type="stmt"/>
          <line num="23" count="0" type="stmt"/>
          <line num="30" count="0" type="stmt"/>
          <line num="42" count="0" type="stmt"/>
          <line num="66" count="0" type="stmt"/>
          <line num="98" count="0" type="stmt"/>
        </file>
        <file name="Tbody.js" path="/Users/dwp/workspace/dwpComponents/react/src/table/components/Tbody.js">
          <metrics statements="12" coveredstatements="0" conditionals="24" coveredconditionals="0" methods="8" coveredmethods="0"/>
          <line num="1" count="0" type="stmt"/>
          <line num="4" count="0" type="stmt"/>
          <line num="5" count="0" type="cond" truecount="0" falsecount="4"/>
          <line num="10" count="0" type="cond" truecount="0" falsecount="2"/>
          <line num="14" count="0" type="cond" truecount="0" falsecount="4"/>
          <line num="18" count="0" type="cond" truecount="0" falsecount="2"/>
          <line num="22" count="0" type="stmt"/>
          <line num="24" count="0" type="stmt"/>
          <line num="25" count="0" type="stmt"/>
          <line num="29" count="0" type="stmt"/>
          <line num="33" count="0" type="stmt"/>
          <line num="54" count="0" type="stmt"/>
        </file>
        <file name="Thead.js" path="/Users/dwp/workspace/dwpComponents/react/src/table/components/Thead.js">
          <metrics statements="13" coveredstatements="0" conditionals="28" coveredconditionals="0" methods="8" coveredmethods="0"/>
          <line num="1" count="0" type="stmt"/>
          <line num="4" count="0" type="stmt"/>
          <line num="5" count="0" type="stmt"/>
          <line num="6" count="0" type="cond" truecount="0" falsecount="4"/>
          <line num="10" count="0" type="cond" truecount="0" falsecount="2"/>
          <line num="14" count="0" type="stmt"/>
          <line num="16" count="0" type="stmt"/>
          <line num="17" count="0" type="stmt"/>
          <line num="21" count="0" type="stmt"/>
          <line num="38" count="0" type="stmt"/>
          <line num="43" count="0" type="stmt"/>
          <line num="51" count="0" type="stmt"/>
          <line num="61" count="0" type="stmt"/>
        </file>
      </package>
      <package name="src.table.hoc">
        <metrics statements="21" coveredstatements="0" conditionals="18" coveredconditionals="0" methods="7" coveredmethods="0"/>
        <file name="GetTrHeight.js" path="/Users/dwp/workspace/dwpComponents/react/src/table/hoc/GetTrHeight.js">
          <metrics statements="13" coveredstatements="0" conditionals="10" coveredconditionals="0" methods="5" coveredmethods="0"/>
          <line num="1" count="0" type="stmt"/>
          <line num="4" count="0" type="stmt"/>
          <line num="5" count="0" type="cond" truecount="0" falsecount="4"/>
          <line num="7" count="0" type="stmt"/>
          <line num="10" count="0" type="stmt"/>
          <line num="14" count="0" type="stmt"/>
          <line num="15" count="0" type="stmt"/>
          <line num="16" count="0" type="stmt"/>
          <line num="18" count="0" type="cond" truecount="0" falsecount="4"/>
          <line num="19" count="0" type="stmt"/>
          <line num="22" count="0" type="cond" truecount="0" falsecount="2"/>
          <line num="26" count="0" type="stmt"/>
          <line num="32" count="0" type="stmt"/>
        </file>
        <file name="TbodyHoc.js" path="/Users/dwp/workspace/dwpComponents/react/src/table/hoc/TbodyHoc.js">
          <metrics statements="4" coveredstatements="0" conditionals="4" coveredconditionals="0" methods="1" coveredmethods="0"/>
          <line num="1" count="0" type="stmt"/>
          <line num="4" count="0" type="stmt"/>
          <line num="5" count="0" type="cond" truecount="0" falsecount="4"/>
          <line num="7" count="0" type="stmt"/>
        </file>
        <file name="TheadHoc.js" path="/Users/dwp/workspace/dwpComponents/react/src/table/hoc/TheadHoc.js">
          <metrics statements="4" coveredstatements="0" conditionals="4" coveredconditionals="0" methods="1" coveredmethods="0"/>
          <line num="1" count="0" type="stmt"/>
          <line num="4" count="0" type="stmt"/>
          <line num="5" count="0" type="cond" truecount="0" falsecount="4"/>
          <line num="7" count="0" type="stmt"/>
        </file>
      </package>
    </metrics>
  </project>
</coverage>
