{"/Users/dwp/workspace/dwpComponents/react/src/App.js": {"path":"/Users/dwp/workspace/dwpComponents/react/src/App.js","statementMap":{"0":{"start":{"line":1,"column":13},"end":{"line":1,"column":75}},"1":{"start":{"line":1,"column":94},"end":{"line":1,"column":147}},"2":{"start":{"line":1,"column":161},"end":{"line":1,"column":177}},"3":{"start":{"line":1,"column":192},"end":{"line":1,"column":222}},"4":{"start":{"line":2,"column":13},"end":{"line":2,"column":37}},"5":{"start":{"line":2,"column":52},"end":{"line":2,"column":82}},"6":{"start":{"line":2,"column":121},"end":{"line":2,"column":175}},"7":{"start":{"line":4,"column":16},"end":{"line":26,"column":8}},"8":{"start":{"line":14,"column":8},"end":{"line":21,"column":151}},"9":{"start":{"line":30,"column":19},"end":{"line":93,"column":16}},"10":{"start":{"line":99,"column":8},"end":{"line":99,"column":16}},"11":{"start":{"line":100,"column":8},"end":{"line":102,"column":29}},"12":{"start":{"line":107,"column":8},"end":{"line":111,"column":17}},"13":{"start":{"line":108,"column":12},"end":{"line":109,"column":42}},"14":{"start":{"line":113,"column":8},"end":{"line":114,"column":32}},"15":{"start":{"line":119,"column":8},"end":{"line":119,"column":18}},"16":{"start":{"line":119,"column":35},"end":{"line":119,"column":49}},"17":{"start":{"line":119,"column":63},"end":{"line":119,"column":80}},"18":{"start":{"line":121,"column":25},"end":{"line":127,"column":15}},"19":{"start":{"line":123,"column":16},"end":{"line":123,"column":40}},"20":{"start":{"line":126,"column":16},"end":{"line":126,"column":42}},"21":{"start":{"line":130,"column":27},"end":{"line":133,"column":24}},"22":{"start":{"line":136,"column":8},"end":{"line":145,"column":117}},"23":{"start":{"line":149,"column":6},"end":{"line":152,"column":4}}},"fnMap":{"0":{"name":"_interopRequireDefault","decl":{"start":{"line":2,"column":92},"end":{"line":2,"column":114}},"loc":{"start":{"line":2,"column":120},"end":{"line":2,"column":176}},"line":2},"1":{"name":"(anonymous_1)","decl":{"start":{"line":13,"column":12},"end":{"line":13,"column":13}},"loc":{"start":{"line":13,"column":22},"end":{"line":26,"column":5}},"line":13},"2":{"name":"(anonymous_2)","decl":{"start":{"line":98,"column":4},"end":{"line":98,"column":5}},"loc":{"start":{"line":98,"column":18},"end":{"line":104,"column":5}},"line":98},"3":{"name":"(anonymous_3)","decl":{"start":{"line":106,"column":4},"end":{"line":106,"column":5}},"loc":{"start":{"line":106,"column":24},"end":{"line":116,"column":5}},"line":106},"4":{"name":"(anonymous_4)","decl":{"start":{"line":107,"column":19},"end":{"line":107,"column":20}},"loc":{"start":{"line":107,"column":25},"end":{"line":111,"column":9}},"line":107},"5":{"name":"(anonymous_5)","decl":{"start":{"line":118,"column":4},"end":{"line":118,"column":5}},"loc":{"start":{"line":118,"column":13},"end":{"line":149,"column":5}},"line":118},"6":{"name":"(anonymous_6)","decl":{"start":{"line":122,"column":22},"end":{"line":122,"column":23}},"loc":{"start":{"line":122,"column":32},"end":{"line":124,"column":13}},"line":122},"7":{"name":"(anonymous_7)","decl":{"start":{"line":125,"column":22},"end":{"line":125,"column":23}},"loc":{"start":{"line":125,"column":38},"end":{"line":127,"column":13}},"line":125}},"branchMap":{"0":{"loc":{"start":{"line":2,"column":128},"end":{"line":2,"column":174}},"type":"cond-expr","locations":[{"start":{"line":2,"column":152},"end":{"line":2,"column":155}},{"start":{"line":2,"column":158},"end":{"line":2,"column":174}}],"line":2},"1":{"loc":{"start":{"line":2,"column":128},"end":{"line":2,"column":149}},"type":"binary-expr","locations":[{"start":{"line":2,"column":128},"end":{"line":2,"column":131}},{"start":{"line":2,"column":135},"end":{"line":2,"column":149}}],"line":2},"2":{"loc":{"start":{"line":20,"column":16},"end":{"line":21,"column":148}},"type":"binary-expr","locations":[{"start":{"line":20,"column":16},"end":{"line":20,"column":33}},{"start":{"line":21,"column":16},"end":{"line":21,"column":148}}],"line":20}},"s":{"0":0,"1":0,"2":0,"3":0,"4":0,"5":0,"6":0,"7":0,"8":0,"9":0,"10":0,"11":0,"12":0,"13":0,"14":0,"15":0,"16":0,"17":0,"18":0,"19":0,"20":0,"21":0,"22":0,"23":0},"f":{"0":0,"1":0,"2":0,"3":0,"4":0,"5":0,"6":0,"7":0},"b":{"0":[0,0],"1":[0,0],"2":[0,0]}}
,"/Users/dwp/workspace/dwpComponents/react/src/index.js": {"path":"/Users/dwp/workspace/dwpComponents/react/src/index.js","statementMap":{"0":{"start":{"line":1,"column":32},"end":{"line":1,"column":87}},"1":{"start":{"line":1,"column":101},"end":{"line":1,"column":117}},"2":{"start":{"line":1,"column":132},"end":{"line":1,"column":162}},"3":{"start":{"line":2,"column":16},"end":{"line":2,"column":36}},"4":{"start":{"line":2,"column":54},"end":{"line":2,"column":87}},"5":{"start":{"line":3,"column":0},"end":{"line":3,"column":23}},"6":{"start":{"line":4,"column":11},"end":{"line":4,"column":27}},"7":{"start":{"line":4,"column":40},"end":{"line":4,"column":68}},"8":{"start":{"line":4,"column":107},"end":{"line":4,"column":161}},"9":{"start":{"line":6,"column":0},"end":{"line":6,"column":181}}},"fnMap":{"0":{"name":"_interopRequireDefault","decl":{"start":{"line":4,"column":78},"end":{"line":4,"column":100}},"loc":{"start":{"line":4,"column":106},"end":{"line":4,"column":162}},"line":4}},"branchMap":{"0":{"loc":{"start":{"line":4,"column":114},"end":{"line":4,"column":160}},"type":"cond-expr","locations":[{"start":{"line":4,"column":138},"end":{"line":4,"column":141}},{"start":{"line":4,"column":144},"end":{"line":4,"column":160}}],"line":4},"1":{"loc":{"start":{"line":4,"column":114},"end":{"line":4,"column":135}},"type":"binary-expr","locations":[{"start":{"line":4,"column":114},"end":{"line":4,"column":117}},{"start":{"line":4,"column":121},"end":{"line":4,"column":135}}],"line":4}},"s":{"0":0,"1":0,"2":0,"3":0,"4":0,"5":0,"6":0,"7":0,"8":0,"9":0},"f":{"0":0},"b":{"0":[0,0],"1":[0,0]}}
,"/Users/dwp/workspace/dwpComponents/react/src/setupTests.js": {"path":"/Users/dwp/workspace/dwpComponents/react/src/setupTests.js","statementMap":{"0":{"start":{"line":7,"column":0},"end":{"line":7,"column":38}}},"fnMap":{},"branchMap":{},"s":{"0":2},"f":{},"b":{},"_coverageSchema":"332fd63041d2c1bcb487cc26dd0d5f7d97098a6c","hash":"7a78cda4568e8c587371312dfe45a9e7ed1273ac"}
,"/Users/dwp/workspace/dwpComponents/react/src/common/Dom.js": {"path":"/Users/dwp/workspace/dwpComponents/react/src/common/Dom.js","statementMap":{"0":{"start":{"line":1,"column":13},"end":{"line":1,"column":75}},"1":{"start":{"line":1,"column":75},"end":{"line":1,"column":139}},"2":{"start":{"line":4,"column":13},"end":{"line":4,"column":29}},"3":{"start":{"line":4,"column":44},"end":{"line":4,"column":74}},"4":{"start":{"line":4,"column":113},"end":{"line":4,"column":167}},"5":{"start":{"line":13,"column":17},"end":{"line":27,"column":1}},"6":{"start":{"line":15,"column":4},"end":{"line":17,"column":5}},"7":{"start":{"line":16,"column":8},"end":{"line":16,"column":76}},"8":{"start":{"line":20,"column":4},"end":{"line":24,"column":5}},"9":{"start":{"line":21,"column":24},"end":{"line":21,"column":63}},"10":{"start":{"line":22,"column":15},"end":{"line":22,"column":80}},"11":{"start":{"line":23,"column":8},"end":{"line":23,"column":20}},"12":{"start":{"line":26,"column":4},"end":{"line":26,"column":41}},"13":{"start":{"line":33,"column":25},"end":{"line":42,"column":1}},"14":{"start":{"line":33,"column":46},"end":{"line":33,"column":47}},"15":{"start":{"line":34,"column":11},"end":{"line":34,"column":12}},"16":{"start":{"line":36,"column":4},"end":{"line":40,"column":5}},"17":{"start":{"line":37,"column":8},"end":{"line":37,"column":33}},"18":{"start":{"line":38,"column":8},"end":{"line":38,"column":31}},"19":{"start":{"line":39,"column":8},"end":{"line":39,"column":33}},"20":{"start":{"line":41,"column":4},"end":{"line":41,"column":38}},"21":{"start":{"line":47,"column":16},"end":{"line":63,"column":1}},"22":{"start":{"line":48,"column":21},"end":{"line":48,"column":25}},"23":{"start":{"line":49,"column":20},"end":{"line":49,"column":22}},"24":{"start":{"line":50,"column":15},"end":{"line":50,"column":17}},"25":{"start":{"line":51,"column":12},"end":{"line":51,"column":17}},"26":{"start":{"line":53,"column":4},"end":{"line":58,"column":5}},"27":{"start":{"line":54,"column":8},"end":{"line":54,"column":31}},"28":{"start":{"line":55,"column":8},"end":{"line":55,"column":72}},"29":{"start":{"line":56,"column":8},"end":{"line":56,"column":33}},"30":{"start":{"line":57,"column":8},"end":{"line":57,"column":56}},"31":{"start":{"line":60,"column":4},"end":{"line":60,"column":56}},"32":{"start":{"line":62,"column":4},"end":{"line":62,"column":22}},"33":{"start":{"line":63,"column":2},"end":{"line":65,"column":20}},"34":{"start":{"line":65,"column":20},"end":{"line":65,"column":44}},"35":{"start":{"line":65,"column":44},"end":{"line":65,"column":70}}},"fnMap":{"0":{"name":"_interopRequireDefault","decl":{"start":{"line":4,"column":84},"end":{"line":4,"column":106}},"loc":{"start":{"line":4,"column":112},"end":{"line":4,"column":168}},"line":4},"1":{"name":"(anonymous_1)","decl":{"start":{"line":13,"column":17},"end":{"line":13,"column":18}},"loc":{"start":{"line":13,"column":37},"end":{"line":27,"column":1}},"line":13},"2":{"name":"(anonymous_2)","decl":{"start":{"line":33,"column":25},"end":{"line":33,"column":26}},"loc":{"start":{"line":33,"column":33},"end":{"line":42,"column":1}},"line":33},"3":{"name":"(anonymous_3)","decl":{"start":{"line":47,"column":16},"end":{"line":47,"column":17}},"loc":{"start":{"line":47,"column":34},"end":{"line":63,"column":1}},"line":47}},"branchMap":{"0":{"loc":{"start":{"line":4,"column":120},"end":{"line":4,"column":166}},"type":"cond-expr","locations":[{"start":{"line":4,"column":144},"end":{"line":4,"column":147}},{"start":{"line":4,"column":150},"end":{"line":4,"column":166}}],"line":4},"1":{"loc":{"start":{"line":4,"column":120},"end":{"line":4,"column":141}},"type":"binary-expr","locations":[{"start":{"line":4,"column":120},"end":{"line":4,"column":123}},{"start":{"line":4,"column":127},"end":{"line":4,"column":141}}],"line":4},"2":{"loc":{"start":{"line":15,"column":4},"end":{"line":17,"column":5}},"type":"if","locations":[{"start":{"line":15,"column":4},"end":{"line":17,"column":5}},{"start":{"line":15,"column":4},"end":{"line":17,"column":5}}],"line":15},"3":{"loc":{"start":{"line":20,"column":4},"end":{"line":24,"column":5}},"type":"if","locations":[{"start":{"line":20,"column":4},"end":{"line":24,"column":5}},{"start":{"line":20,"column":4},"end":{"line":24,"column":5}}],"line":20},"4":{"loc":{"start":{"line":22,"column":15},"end":{"line":22,"column":80}},"type":"cond-expr","locations":[{"start":{"line":22,"column":39},"end":{"line":22,"column":68}},{"start":{"line":22,"column":71},"end":{"line":22,"column":80}}],"line":22},"5":{"loc":{"start":{"line":53,"column":11},"end":{"line":53,"column":80}},"type":"binary-expr","locations":[{"start":{"line":53,"column":11},"end":{"line":53,"column":17}},{"start":{"line":53,"column":21},"end":{"line":53,"column":57}},{"start":{"line":53,"column":61},"end":{"line":53,"column":80}}],"line":53},"6":{"loc":{"start":{"line":55,"column":24},"end":{"line":55,"column":71}},"type":"cond-expr","locations":[{"start":{"line":55,"column":41},"end":{"line":55,"column":66}},{"start":{"line":55,"column":69},"end":{"line":55,"column":71}}],"line":55},"7":{"loc":{"start":{"line":57,"column":16},"end":{"line":57,"column":55}},"type":"cond-expr","locations":[{"start":{"line":57,"column":43},"end":{"line":57,"column":47}},{"start":{"line":57,"column":50},"end":{"line":57,"column":55}}],"line":57},"8":{"loc":{"start":{"line":60,"column":17},"end":{"line":60,"column":55}},"type":"cond-expr","locations":[{"start":{"line":60,"column":44},"end":{"line":60,"column":48}},{"start":{"line":60,"column":51},"end":{"line":60,"column":55}}],"line":60}},"s":{"0":0,"1":0,"2":0,"3":0,"4":0,"5":0,"6":0,"7":0,"8":0,"9":0,"10":0,"11":0,"12":0,"13":0,"14":0,"15":0,"16":0,"17":0,"18":0,"19":0,"20":0,"21":0,"22":0,"23":0,"24":0,"25":0,"26":0,"27":0,"28":0,"29":0,"30":0,"31":0,"32":0,"33":0,"34":0,"35":0},"f":{"0":0,"1":0,"2":0,"3":0},"b":{"0":[0,0],"1":[0,0],"2":[0,0],"3":[0,0],"4":[0,0],"5":[0,0,0],"6":[0,0],"7":[0,0],"8":[0,0]}}
,"/Users/dwp/workspace/dwpComponents/react/src/icon/Icon.js": {"path":"/Users/dwp/workspace/dwpComponents/react/src/icon/Icon.js","statementMap":{"0":{"start":{"line":10,"column":43},"end":{"line":10,"column":53}},"1":{"start":{"line":11,"column":26},"end":{"line":15,"column":9}},"2":{"start":{"line":16,"column":8},"end":{"line":18,"column":9}}},"fnMap":{"0":{"name":"(anonymous_0)","decl":{"start":{"line":9,"column":4},"end":{"line":9,"column":5}},"loc":{"start":{"line":9,"column":13},"end":{"line":19,"column":5}},"line":9}},"branchMap":{},"s":{"0":3,"1":3,"2":3},"f":{"0":3},"b":{},"_coverageSchema":"332fd63041d2c1bcb487cc26dd0d5f7d97098a6c","hash":"79499a27bd7f78bfb0c25a72280f8b58e53f8fbf"}
,"/Users/dwp/workspace/dwpComponents/react/src/pagination/Index.js": {"path":"/Users/dwp/workspace/dwpComponents/react/src/pagination/Index.js","statementMap":{"0":{"start":{"line":1,"column":13},"end":{"line":1,"column":75}},"1":{"start":{"line":1,"column":94},"end":{"line":1,"column":160}},"2":{"start":{"line":4,"column":13},"end":{"line":4,"column":29}},"3":{"start":{"line":4,"column":44},"end":{"line":4,"column":74}},"4":{"start":{"line":5,"column":18},"end":{"line":5,"column":41}},"5":{"start":{"line":5,"column":61},"end":{"line":5,"column":96}},"6":{"start":{"line":5,"column":135},"end":{"line":5,"column":189}},"7":{"start":{"line":9,"column":23},"end":{"line":12,"column":24}},"8":{"start":{"line":15,"column":8},"end":{"line":16,"column":186}},"9":{"start":{"line":18,"column":6},"end":{"line":21,"column":6}}},"fnMap":{"0":{"name":"_interopRequireDefault","decl":{"start":{"line":5,"column":106},"end":{"line":5,"column":128}},"loc":{"start":{"line":5,"column":134},"end":{"line":5,"column":190}},"line":5},"1":{"name":"(anonymous_1)","decl":{"start":{"line":8,"column":4},"end":{"line":8,"column":5}},"loc":{"start":{"line":8,"column":13},"end":{"line":18,"column":5}},"line":8}},"branchMap":{"0":{"loc":{"start":{"line":5,"column":142},"end":{"line":5,"column":188}},"type":"cond-expr","locations":[{"start":{"line":5,"column":166},"end":{"line":5,"column":169}},{"start":{"line":5,"column":172},"end":{"line":5,"column":188}}],"line":5},"1":{"loc":{"start":{"line":5,"column":142},"end":{"line":5,"column":163}},"type":"binary-expr","locations":[{"start":{"line":5,"column":142},"end":{"line":5,"column":145}},{"start":{"line":5,"column":149},"end":{"line":5,"column":163}}],"line":5}},"s":{"0":0,"1":0,"2":0,"3":0,"4":0,"5":0,"6":0,"7":0,"8":0,"9":0},"f":{"0":0,"1":0},"b":{"0":[0,0],"1":[0,0]}}
,"/Users/dwp/workspace/dwpComponents/react/src/pagination/Pagination.js": {"path":"/Users/dwp/workspace/dwpComponents/react/src/pagination/Pagination.js","statementMap":{"0":{"start":{"line":19,"column":8},"end":{"line":19,"column":16}},"1":{"start":{"line":20,"column":8},"end":{"line":24,"column":9}},"2":{"start":{"line":28,"column":8},"end":{"line":28,"column":35}},"3":{"start":{"line":32,"column":8},"end":{"line":32,"column":34}},"4":{"start":{"line":36,"column":43},"end":{"line":36,"column":48}},"5":{"start":{"line":37,"column":8},"end":{"line":39,"column":10}},"6":{"start":{"line":44,"column":43},"end":{"line":44,"column":53}},"7":{"start":{"line":46,"column":23},"end":{"line":46,"column":50}},"8":{"start":{"line":47,"column":25},"end":{"line":47,"column":27}},"9":{"start":{"line":49,"column":24},"end":{"line":53,"column":29}},"10":{"start":{"line":55,"column":22},"end":{"line":59,"column":29}},"11":{"start":{"line":62,"column":8},"end":{"line":69,"column":10}},"12":{"start":{"line":66,"column":31},"end":{"line":66,"column":49}},"13":{"start":{"line":72,"column":8},"end":{"line":73,"column":71}},"14":{"start":{"line":75,"column":8},"end":{"line":79,"column":9}},"15":{"start":{"line":76,"column":30},"end":{"line":76,"column":94}},"16":{"start":{"line":77,"column":12},"end":{"line":78,"column":105}},"17":{"start":{"line":78,"column":53},"end":{"line":78,"column":71}},"18":{"start":{"line":82,"column":8},"end":{"line":83,"column":71}},"19":{"start":{"line":86,"column":8},"end":{"line":92,"column":10}},"20":{"start":{"line":89,"column":31},"end":{"line":89,"column":54}},"21":{"start":{"line":94,"column":8},"end":{"line":94,"column":24}},"22":{"start":{"line":99,"column":34},"end":{"line":99,"column":44}},"23":{"start":{"line":100,"column":23},"end":{"line":100,"column":50}},"24":{"start":{"line":101,"column":25},"end":{"line":101,"column":27}},"25":{"start":{"line":103,"column":8},"end":{"line":105,"column":9}},"26":{"start":{"line":104,"column":12},"end":{"line":104,"column":89}},"27":{"start":{"line":107,"column":8},"end":{"line":109,"column":10}},"28":{"start":{"line":114,"column":34},"end":{"line":114,"column":44}},"29":{"start":{"line":115,"column":8},"end":{"line":115,"column":77}},"30":{"start":{"line":116,"column":8},"end":{"line":118,"column":10}},"31":{"start":{"line":123,"column":43},"end":{"line":123,"column":53}},"32":{"start":{"line":125,"column":8},"end":{"line":125,"column":90}},"33":{"start":{"line":126,"column":8},"end":{"line":128,"column":10}},"34":{"start":{"line":133,"column":43},"end":{"line":133,"column":53}},"35":{"start":{"line":135,"column":8},"end":{"line":135,"column":90}},"36":{"start":{"line":136,"column":8},"end":{"line":138,"column":10}},"37":{"start":{"line":142,"column":43},"end":{"line":142,"column":53}},"38":{"start":{"line":143,"column":44},"end":{"line":143,"column":54}},"39":{"start":{"line":146,"column":23},"end":{"line":146,"column":50}},"40":{"start":{"line":148,"column":8},"end":{"line":150,"column":9}},"41":{"start":{"line":149,"column":12},"end":{"line":149,"column":24}},"42":{"start":{"line":152,"column":8},"end":{"line":170,"column":10}},"43":{"start":{"line":175,"column":0},"end":{"line":180,"column":2}}},"fnMap":{"0":{"name":"(anonymous_0)","decl":{"start":{"line":18,"column":4},"end":{"line":18,"column":5}},"loc":{"start":{"line":18,"column":18},"end":{"line":25,"column":5}},"line":18},"1":{"name":"(anonymous_1)","decl":{"start":{"line":27,"column":4},"end":{"line":27,"column":5}},"loc":{"start":{"line":27,"column":24},"end":{"line":29,"column":5}},"line":27},"2":{"name":"(anonymous_2)","decl":{"start":{"line":31,"column":4},"end":{"line":31,"column":5}},"loc":{"start":{"line":31,"column":41},"end":{"line":33,"column":5}},"line":31},"3":{"name":"(anonymous_3)","decl":{"start":{"line":35,"column":16},"end":{"line":35,"column":17}},"loc":{"start":{"line":35,"column":27},"end":{"line":40,"column":5}},"line":35},"4":{"name":"(anonymous_4)","decl":{"start":{"line":43,"column":17},"end":{"line":43,"column":18}},"loc":{"start":{"line":43,"column":23},"end":{"line":95,"column":5}},"line":43},"5":{"name":"(anonymous_5)","decl":{"start":{"line":66,"column":25},"end":{"line":66,"column":26}},"loc":{"start":{"line":66,"column":31},"end":{"line":66,"column":49}},"line":66},"6":{"name":"(anonymous_6)","decl":{"start":{"line":78,"column":47},"end":{"line":78,"column":48}},"loc":{"start":{"line":78,"column":53},"end":{"line":78,"column":71}},"line":78},"7":{"name":"(anonymous_7)","decl":{"start":{"line":89,"column":25},"end":{"line":89,"column":26}},"loc":{"start":{"line":89,"column":31},"end":{"line":89,"column":54}},"line":89},"8":{"name":"(anonymous_8)","decl":{"start":{"line":98,"column":19},"end":{"line":98,"column":20}},"loc":{"start":{"line":98,"column":25},"end":{"line":110,"column":5}},"line":98},"9":{"name":"(anonymous_9)","decl":{"start":{"line":113,"column":17},"end":{"line":113,"column":18}},"loc":{"start":{"line":113,"column":30},"end":{"line":119,"column":5}},"line":113},"10":{"name":"(anonymous_10)","decl":{"start":{"line":122,"column":15},"end":{"line":122,"column":16}},"loc":{"start":{"line":122,"column":21},"end":{"line":129,"column":5}},"line":122},"11":{"name":"(anonymous_11)","decl":{"start":{"line":132,"column":15},"end":{"line":132,"column":16}},"loc":{"start":{"line":132,"column":21},"end":{"line":139,"column":5}},"line":132},"12":{"name":"(anonymous_12)","decl":{"start":{"line":141,"column":4},"end":{"line":141,"column":5}},"loc":{"start":{"line":141,"column":13},"end":{"line":171,"column":5}},"line":141}},"branchMap":{"0":{"loc":{"start":{"line":49,"column":24},"end":{"line":53,"column":29}},"type":"cond-expr","locations":[{"start":{"line":50,"column":14},"end":{"line":50,"column":15}},{"start":{"line":51,"column":14},"end":{"line":53,"column":29}}],"line":49},"1":{"loc":{"start":{"line":49,"column":24},"end":{"line":49,"column":50}},"type":"binary-expr","locations":[{"start":{"line":49,"column":24},"end":{"line":49,"column":35}},{"start":{"line":49,"column":39},"end":{"line":49,"column":50}}],"line":49},"2":{"loc":{"start":{"line":51,"column":14},"end":{"line":53,"column":29}},"type":"cond-expr","locations":[{"start":{"line":52,"column":18},"end":{"line":52,"column":28}},{"start":{"line":53,"column":18},"end":{"line":53,"column":29}}],"line":51},"3":{"loc":{"start":{"line":55,"column":22},"end":{"line":59,"column":29}},"type":"cond-expr","locations":[{"start":{"line":56,"column":14},"end":{"line":56,"column":24}},{"start":{"line":57,"column":14},"end":{"line":59,"column":29}}],"line":55},"4":{"loc":{"start":{"line":57,"column":14},"end":{"line":59,"column":29}},"type":"cond-expr","locations":[{"start":{"line":58,"column":18},"end":{"line":58,"column":19}},{"start":{"line":59,"column":18},"end":{"line":59,"column":29}}],"line":57},"5":{"loc":{"start":{"line":62,"column":8},"end":{"line":69,"column":9}},"type":"binary-expr","locations":[{"start":{"line":62,"column":8},"end":{"line":62,"column":20}},{"start":{"line":63,"column":8},"end":{"line":69,"column":9}}],"line":62},"6":{"loc":{"start":{"line":67,"column":27},"end":{"line":67,"column":97}},"type":"cond-expr","locations":[{"start":{"line":67,"column":43},"end":{"line":67,"column":77}},{"start":{"line":67,"column":80},"end":{"line":67,"column":97}}],"line":67},"7":{"loc":{"start":{"line":72,"column":8},"end":{"line":73,"column":70}},"type":"binary-expr","locations":[{"start":{"line":72,"column":8},"end":{"line":72,"column":21}},{"start":{"line":73,"column":8},"end":{"line":73,"column":70}}],"line":72},"8":{"loc":{"start":{"line":76,"column":30},"end":{"line":76,"column":94}},"type":"cond-expr","locations":[{"start":{"line":76,"column":46},"end":{"line":76,"column":77}},{"start":{"line":76,"column":80},"end":{"line":76,"column":94}}],"line":76},"9":{"loc":{"start":{"line":77,"column":12},"end":{"line":78,"column":104}},"type":"binary-expr","locations":[{"start":{"line":77,"column":12},"end":{"line":77,"column":22}},{"start":{"line":78,"column":12},"end":{"line":78,"column":104}}],"line":77},"10":{"loc":{"start":{"line":82,"column":8},"end":{"line":83,"column":70}},"type":"binary-expr","locations":[{"start":{"line":82,"column":8},"end":{"line":82,"column":28}},{"start":{"line":83,"column":8},"end":{"line":83,"column":70}}],"line":82},"11":{"loc":{"start":{"line":90,"column":27},"end":{"line":90,"column":100}},"type":"cond-expr","locations":[{"start":{"line":90,"column":48},"end":{"line":90,"column":81}},{"start":{"line":90,"column":84},"end":{"line":90,"column":100}}],"line":90},"12":{"loc":{"start":{"line":115,"column":8},"end":{"line":115,"column":76}},"type":"binary-expr","locations":[{"start":{"line":115,"column":8},"end":{"line":115,"column":26}},{"start":{"line":115,"column":30},"end":{"line":115,"column":76}}],"line":115},"13":{"loc":{"start":{"line":125,"column":8},"end":{"line":125,"column":89}},"type":"binary-expr","locations":[{"start":{"line":125,"column":8},"end":{"line":125,"column":26}},{"start":{"line":125,"column":30},"end":{"line":125,"column":89}}],"line":125},"14":{"loc":{"start":{"line":135,"column":8},"end":{"line":135,"column":89}},"type":"binary-expr","locations":[{"start":{"line":135,"column":8},"end":{"line":135,"column":26}},{"start":{"line":135,"column":30},"end":{"line":135,"column":89}}],"line":135},"15":{"loc":{"start":{"line":148,"column":8},"end":{"line":150,"column":9}},"type":"if","locations":[{"start":{"line":148,"column":8},"end":{"line":150,"column":9}},{"start":{"line":148,"column":8},"end":{"line":150,"column":9}}],"line":148},"16":{"loc":{"start":{"line":153,"column":42},"end":{"line":153,"column":74}},"type":"cond-expr","locations":[{"start":{"line":153,"column":54},"end":{"line":153,"column":69}},{"start":{"line":153,"column":72},"end":{"line":153,"column":74}}],"line":153},"17":{"loc":{"start":{"line":155,"column":20},"end":{"line":156,"column":85}},"type":"binary-expr","locations":[{"start":{"line":155,"column":20},"end":{"line":155,"column":33}},{"start":{"line":156,"column":20},"end":{"line":156,"column":85}}],"line":155},"18":{"loc":{"start":{"line":160,"column":20},"end":{"line":161,"column":85}},"type":"binary-expr","locations":[{"start":{"line":160,"column":20},"end":{"line":160,"column":38}},{"start":{"line":161,"column":20},"end":{"line":161,"column":85}}],"line":160},"19":{"loc":{"start":{"line":164,"column":20},"end":{"line":167,"column":25}},"type":"binary-expr","locations":[{"start":{"line":164,"column":20},"end":{"line":164,"column":34}},{"start":{"line":165,"column":20},"end":{"line":167,"column":25}}],"line":164}},"s":{"0":1,"1":1,"2":1,"3":8,"4":9,"5":9,"6":14,"7":14,"8":14,"9":14,"10":14,"11":14,"12":1,"13":14,"14":14,"15":46,"16":46,"17":1,"18":14,"19":14,"20":1,"21":14,"22":1,"23":1,"24":1,"25":1,"26":7,"27":1,"28":3,"29":3,"30":3,"31":1,"32":1,"33":1,"34":1,"35":1,"36":1,"37":15,"38":15,"39":15,"40":15,"41":1,"42":14,"43":1},"f":{"0":1,"1":1,"2":8,"3":9,"4":14,"5":1,"6":1,"7":1,"8":1,"9":3,"10":1,"11":1,"12":15},"b":{"0":[13,1],"1":[14,3],"2":[0,1],"3":[11,3],"4":[2,1],"5":[14,14],"6":[9,5],"7":[14,1],"8":[4,42],"9":[46,45],"10":[14,2],"11":[1,13],"12":[3,3],"13":[1,1],"14":[1,1],"15":[1,14],"16":[0,14],"17":[14,5],"18":[14,13],"19":[14,1]},"_coverageSchema":"332fd63041d2c1bcb487cc26dd0d5f7d97098a6c","hash":"aa106454a7d35470b15c18b43ddc8586f1095c36"}
,"/Users/dwp/workspace/dwpComponents/react/src/scrollBar/ScrollBar.js": {"path":"/Users/dwp/workspace/dwpComponents/react/src/scrollBar/ScrollBar.js","statementMap":{"0":{"start":{"line":1,"column":13},"end":{"line":1,"column":75}},"1":{"start":{"line":1,"column":94},"end":{"line":1,"column":163}},"2":{"start":{"line":11,"column":13},"end":{"line":11,"column":29}},"3":{"start":{"line":11,"column":44},"end":{"line":11,"column":74}},"4":{"start":{"line":12,"column":20},"end":{"line":12,"column":45}},"5":{"start":{"line":12,"column":67},"end":{"line":12,"column":104}},"6":{"start":{"line":13,"column":0},"end":{"line":13,"column":27}},"7":{"start":{"line":13,"column":65},"end":{"line":13,"column":119}},"8":{"start":{"line":17,"column":8},"end":{"line":17,"column":18}},"9":{"start":{"line":17,"column":37},"end":{"line":17,"column":53}},"10":{"start":{"line":17,"column":62},"end":{"line":17,"column":74}},"11":{"start":{"line":17,"column":89},"end":{"line":17,"column":107}},"12":{"start":{"line":18,"column":8},"end":{"line":23,"column":118}},"13":{"start":{"line":27,"column":6},"end":{"line":30,"column":39}}},"fnMap":{"0":{"name":"_interopRequireDefault","decl":{"start":{"line":13,"column":36},"end":{"line":13,"column":58}},"loc":{"start":{"line":13,"column":64},"end":{"line":13,"column":120}},"line":13},"1":{"name":"(anonymous_1)","decl":{"start":{"line":16,"column":4},"end":{"line":16,"column":5}},"loc":{"start":{"line":16,"column":13},"end":{"line":27,"column":5}},"line":16}},"branchMap":{"0":{"loc":{"start":{"line":13,"column":72},"end":{"line":13,"column":118}},"type":"cond-expr","locations":[{"start":{"line":13,"column":96},"end":{"line":13,"column":99}},{"start":{"line":13,"column":102},"end":{"line":13,"column":118}}],"line":13},"1":{"loc":{"start":{"line":13,"column":72},"end":{"line":13,"column":93}},"type":"binary-expr","locations":[{"start":{"line":13,"column":72},"end":{"line":13,"column":75}},{"start":{"line":13,"column":79},"end":{"line":13,"column":93}}],"line":13}},"s":{"0":0,"1":0,"2":0,"3":0,"4":0,"5":0,"6":0,"7":0,"8":0,"9":0,"10":0,"11":0,"12":0,"13":0},"f":{"0":0,"1":0},"b":{"0":[0,0],"1":[0,0]}}
,"/Users/dwp/workspace/dwpComponents/react/src/scrollBar/ScrollBarHoc.js": {"path":"/Users/dwp/workspace/dwpComponents/react/src/scrollBar/ScrollBarHoc.js","statementMap":{"0":{"start":{"line":1,"column":13},"end":{"line":1,"column":75}},"1":{"start":{"line":1,"column":94},"end":{"line":1,"column":166}},"2":{"start":{"line":4,"column":13},"end":{"line":4,"column":29}},"3":{"start":{"line":4,"column":44},"end":{"line":4,"column":74}},"4":{"start":{"line":5,"column":18},"end":{"line":5,"column":39}},"5":{"start":{"line":5,"column":59},"end":{"line":5,"column":94}},"6":{"start":{"line":5,"column":133},"end":{"line":5,"column":187}},"7":{"start":{"line":7,"column":21},"end":{"line":140,"column":12}},"8":{"start":{"line":7,"column":42},"end":{"line":140,"column":11}},"9":{"start":{"line":10,"column":12},"end":{"line":10,"column":20}},"10":{"start":{"line":10,"column":20},"end":{"line":112,"column":14}},"11":{"start":{"line":86,"column":28},"end":{"line":86,"column":43}},"12":{"start":{"line":86,"column":58},"end":{"line":86,"column":75}},"13":{"start":{"line":86,"column":90},"end":{"line":86,"column":107}},"14":{"start":{"line":86,"column":116},"end":{"line":86,"column":127}},"15":{"start":{"line":86,"column":135},"end":{"line":86,"column":145}},"16":{"start":{"line":87,"column":24},"end":{"line":87,"column":52}},"17":{"start":{"line":88,"column":32},"end":{"line":88,"column":51}},"18":{"start":{"line":90,"column":28},"end":{"line":90,"column":30}},"19":{"start":{"line":92,"column":16},"end":{"line":106,"column":31}},"20":{"start":{"line":94,"column":24},"end":{"line":96,"column":52}},"21":{"start":{"line":98,"column":24},"end":{"line":98,"column":30}},"22":{"start":{"line":100,"column":24},"end":{"line":102,"column":51}},"23":{"start":{"line":104,"column":24},"end":{"line":104,"column":30}},"24":{"start":{"line":106,"column":24},"end":{"line":106,"column":30}},"25":{"start":{"line":109,"column":16},"end":{"line":110,"column":36}},"26":{"start":{"line":112,"column":14},"end":{"line":125,"column":14}},"27":{"start":{"line":116,"column":23},"end":{"line":116,"column":38}},"28":{"start":{"line":118,"column":16},"end":{"line":122,"column":80}},"29":{"start":{"line":125,"column":14},"end":{"line":125,"column":81}},"30":{"start":{"line":125,"column":103},"end":{"line":125,"column":126}},"31":{"start":{"line":125,"column":126},"end":{"line":127,"column":299}},"32":{"start":{"line":125,"column":184},"end":{"line":125,"column":194}},"33":{"start":{"line":125,"column":213},"end":{"line":125,"column":229}},"34":{"start":{"line":125,"column":244},"end":{"line":125,"column":262}},"35":{"start":{"line":125,"column":277},"end":{"line":125,"column":295}},"36":{"start":{"line":125,"column":303},"end":{"line":125,"column":314}},"37":{"start":{"line":125,"column":323},"end":{"line":125,"column":346}},"38":{"start":{"line":125,"column":363},"end":{"line":125,"column":382}},"39":{"start":{"line":125,"column":396},"end":{"line":125,"column":406}},"40":{"start":{"line":125,"column":422},"end":{"line":125,"column":435}},"41":{"start":{"line":125,"column":444},"end":{"line":125,"column":456}},"42":{"start":{"line":125,"column":466},"end":{"line":125,"column":479}},"43":{"start":{"line":125,"column":490},"end":{"line":125,"column":504}},"44":{"start":{"line":125,"column":505},"end":{"line":125,"column":525}},"45":{"start":{"line":125,"column":518},"end":{"line":125,"column":525}},"46":{"start":{"line":125,"column":538},"end":{"line":125,"column":540}},"47":{"start":{"line":125,"column":553},"end":{"line":125,"column":555}},"48":{"start":{"line":125,"column":565},"end":{"line":125,"column":567}},"49":{"start":{"line":125,"column":568},"end":{"line":125,"column":721}},"50":{"start":{"line":125,"column":591},"end":{"line":125,"column":620}},"51":{"start":{"line":125,"column":620},"end":{"line":125,"column":652}},"52":{"start":{"line":125,"column":660},"end":{"line":125,"column":689}},"53":{"start":{"line":125,"column":689},"end":{"line":125,"column":720}},"54":{"start":{"line":126,"column":16},"end":{"line":126,"column":132}},"55":{"start":{"line":126,"column":132},"end":{"line":126,"column":159}},"56":{"start":{"line":127,"column":16},"end":{"line":127,"column":91}},"57":{"start":{"line":127,"column":91},"end":{"line":127,"column":296}},"58":{"start":{"line":127,"column":299},"end":{"line":127,"column":510}},"59":{"start":{"line":127,"column":358},"end":{"line":127,"column":375}},"60":{"start":{"line":127,"column":376},"end":{"line":127,"column":507}},"61":{"start":{"line":127,"column":396},"end":{"line":127,"column":418}},"62":{"start":{"line":127,"column":418},"end":{"line":127,"column":480}},"63":{"start":{"line":127,"column":480},"end":{"line":127,"column":506}},"64":{"start":{"line":127,"column":549},"end":{"line":127,"column":571}},"65":{"start":{"line":128,"column":32},"end":{"line":128,"column":42}},"66":{"start":{"line":128,"column":56},"end":{"line":128,"column":68}},"67":{"start":{"line":128,"column":81},"end":{"line":128,"column":98}},"68":{"start":{"line":129,"column":24},"end":{"line":133,"column":57}},"69":{"start":{"line":137,"column":12},"end":{"line":138,"column":234}},"70":{"start":{"line":140,"column":13},"end":{"line":143,"column":13}}},"fnMap":{"0":{"name":"_interopRequireDefault","decl":{"start":{"line":5,"column":104},"end":{"line":5,"column":126}},"loc":{"start":{"line":5,"column":132},"end":{"line":5,"column":188}},"line":5},"1":{"name":"(anonymous_1)","decl":{"start":{"line":7,"column":21},"end":{"line":7,"column":22}},"loc":{"start":{"line":7,"column":41},"end":{"line":140,"column":12}},"line":7},"2":{"name":"(anonymous_2)","decl":{"start":{"line":9,"column":8},"end":{"line":9,"column":9}},"loc":{"start":{"line":9,"column":22},"end":{"line":125,"column":82}},"line":9},"3":{"name":"(anonymous_3)","decl":{"start":{"line":85,"column":20},"end":{"line":85,"column":21}},"loc":{"start":{"line":85,"column":29},"end":{"line":112,"column":13}},"line":85},"4":{"name":"(anonymous_4)","decl":{"start":{"line":115,"column":26},"end":{"line":115,"column":27}},"loc":{"start":{"line":115,"column":31},"end":{"line":125,"column":13}},"line":115},"5":{"name":"(anonymous_5)","decl":{"start":{"line":125,"column":82},"end":{"line":125,"column":83}},"loc":{"start":{"line":125,"column":102},"end":{"line":127,"column":511}},"line":125},"6":{"name":"(anonymous_6)","decl":{"start":{"line":125,"column":165},"end":{"line":125,"column":166}},"loc":{"start":{"line":125,"column":170},"end":{"line":127,"column":297}},"line":125},"7":{"name":"(anonymous_7)","decl":{"start":{"line":127,"column":336},"end":{"line":127,"column":337}},"loc":{"start":{"line":127,"column":342},"end":{"line":127,"column":508}},"line":127},"8":{"name":"(anonymous_8)","decl":{"start":{"line":127,"column":511},"end":{"line":127,"column":512}},"loc":{"start":{"line":127,"column":548},"end":{"line":127,"column":572}},"line":127},"9":{"name":"(anonymous_9)","decl":{"start":{"line":128,"column":8},"end":{"line":128,"column":9}},"loc":{"start":{"line":128,"column":17},"end":{"line":140,"column":9}},"line":128}},"branchMap":{"0":{"loc":{"start":{"line":5,"column":140},"end":{"line":5,"column":186}},"type":"cond-expr","locations":[{"start":{"line":5,"column":164},"end":{"line":5,"column":167}},{"start":{"line":5,"column":170},"end":{"line":5,"column":186}}],"line":5},"1":{"loc":{"start":{"line":5,"column":140},"end":{"line":5,"column":161}},"type":"binary-expr","locations":[{"start":{"line":5,"column":140},"end":{"line":5,"column":143}},{"start":{"line":5,"column":147},"end":{"line":5,"column":161}}],"line":5},"2":{"loc":{"start":{"line":87,"column":24},"end":{"line":87,"column":52}},"type":"binary-expr","locations":[{"start":{"line":87,"column":24},"end":{"line":87,"column":47}},{"start":{"line":87,"column":51},"end":{"line":87,"column":52}}],"line":87},"3":{"loc":{"start":{"line":92,"column":16},"end":{"line":106,"column":31}},"type":"switch","locations":[{"start":{"line":93,"column":20},"end":{"line":98,"column":30}},{"start":{"line":99,"column":20},"end":{"line":104,"column":30}},{"start":{"line":105,"column":20},"end":{"line":106,"column":30}}],"line":92},"4":{"loc":{"start":{"line":122,"column":33},"end":{"line":122,"column":73}},"type":"cond-expr","locations":[{"start":{"line":122,"column":52},"end":{"line":122,"column":61}},{"start":{"line":122,"column":64},"end":{"line":122,"column":73}}],"line":122},"5":{"loc":{"start":{"line":125,"column":505},"end":{"line":125,"column":525}},"type":"if","locations":[{"start":{"line":125,"column":505},"end":{"line":125,"column":525}},{"start":{"line":125,"column":505},"end":{"line":125,"column":525}}],"line":125},"6":{"loc":{"start":{"line":125,"column":568},"end":{"line":125,"column":721}},"type":"if","locations":[{"start":{"line":125,"column":568},"end":{"line":125,"column":721}},{"start":{"line":125,"column":568},"end":{"line":125,"column":721}}],"line":125},"7":{"loc":{"start":{"line":126,"column":28},"end":{"line":126,"column":131}},"type":"cond-expr","locations":[{"start":{"line":126,"column":45},"end":{"line":126,"column":46}},{"start":{"line":126,"column":49},"end":{"line":126,"column":131}}],"line":126},"8":{"loc":{"start":{"line":126,"column":49},"end":{"line":126,"column":131}},"type":"cond-expr","locations":[{"start":{"line":126,"column":92},"end":{"line":126,"column":119}},{"start":{"line":126,"column":122},"end":{"line":126,"column":131}}],"line":126},"9":{"loc":{"start":{"line":127,"column":16},"end":{"line":127,"column":90}},"type":"binary-expr","locations":[{"start":{"line":127,"column":16},"end":{"line":127,"column":35}},{"start":{"line":127,"column":39},"end":{"line":127,"column":90}}],"line":127},"10":{"loc":{"start":{"line":127,"column":140},"end":{"line":127,"column":180}},"type":"cond-expr","locations":[{"start":{"line":127,"column":159},"end":{"line":127,"column":168}},{"start":{"line":127,"column":171},"end":{"line":127,"column":180}}],"line":127},"11":{"loc":{"start":{"line":127,"column":224},"end":{"line":127,"column":253}},"type":"binary-expr","locations":[{"start":{"line":127,"column":224},"end":{"line":127,"column":240}},{"start":{"line":127,"column":244},"end":{"line":127,"column":253}}],"line":127},"12":{"loc":{"start":{"line":127,"column":260},"end":{"line":127,"column":289}},"type":"binary-expr","locations":[{"start":{"line":127,"column":260},"end":{"line":127,"column":276}},{"start":{"line":127,"column":280},"end":{"line":127,"column":289}}],"line":127},"13":{"loc":{"start":{"line":127,"column":376},"end":{"line":127,"column":507}},"type":"if","locations":[{"start":{"line":127,"column":376},"end":{"line":127,"column":507}},{"start":{"line":127,"column":376},"end":{"line":127,"column":507}}],"line":127},"14":{"loc":{"start":{"line":127,"column":418},"end":{"line":127,"column":479}},"type":"binary-expr","locations":[{"start":{"line":127,"column":418},"end":{"line":127,"column":437}},{"start":{"line":127,"column":441},"end":{"line":127,"column":479}}],"line":127}},"s":{"0":0,"1":0,"2":0,"3":0,"4":0,"5":0,"6":0,"7":0,"8":0,"9":0,"10":0,"11":0,"12":0,"13":0,"14":0,"15":0,"16":0,"17":0,"18":0,"19":0,"20":0,"21":0,"22":0,"23":0,"24":0,"25":0,"26":0,"27":0,"28":0,"29":0,"30":0,"31":0,"32":0,"33":0,"34":0,"35":0,"36":0,"37":0,"38":0,"39":0,"40":0,"41":0,"42":0,"43":0,"44":0,"45":0,"46":0,"47":0,"48":0,"49":0,"50":0,"51":0,"52":0,"53":0,"54":0,"55":0,"56":0,"57":0,"58":0,"59":0,"60":0,"61":0,"62":0,"63":0,"64":0,"65":0,"66":0,"67":0,"68":0,"69":0,"70":0},"f":{"0":0,"1":0,"2":0,"3":0,"4":0,"5":0,"6":0,"7":0,"8":0,"9":0},"b":{"0":[0,0],"1":[0,0],"2":[0,0],"3":[0,0,0],"4":[0,0],"5":[0,0],"6":[0,0],"7":[0,0],"8":[0,0],"9":[0,0],"10":[0,0],"11":[0,0],"12":[0,0],"13":[0,0],"14":[0,0]}}
,"/Users/dwp/workspace/dwpComponents/react/src/select/Index.js": {"path":"/Users/dwp/workspace/dwpComponents/react/src/select/Index.js","statementMap":{"0":{"start":{"line":1,"column":13},"end":{"line":1,"column":75}},"1":{"start":{"line":1,"column":94},"end":{"line":1,"column":156}},"2":{"start":{"line":12,"column":13},"end":{"line":12,"column":29}},"3":{"start":{"line":12,"column":44},"end":{"line":12,"column":74}},"4":{"start":{"line":13,"column":14},"end":{"line":13,"column":33}},"5":{"start":{"line":13,"column":49},"end":{"line":13,"column":80}},"6":{"start":{"line":13,"column":119},"end":{"line":13,"column":173}},"7":{"start":{"line":17,"column":8},"end":{"line":24,"column":163}},"8":{"start":{"line":28,"column":6},"end":{"line":31,"column":4}}},"fnMap":{"0":{"name":"_interopRequireDefault","decl":{"start":{"line":13,"column":90},"end":{"line":13,"column":112}},"loc":{"start":{"line":13,"column":118},"end":{"line":13,"column":174}},"line":13},"1":{"name":"(anonymous_1)","decl":{"start":{"line":16,"column":4},"end":{"line":16,"column":5}},"loc":{"start":{"line":16,"column":13},"end":{"line":28,"column":5}},"line":16}},"branchMap":{"0":{"loc":{"start":{"line":13,"column":126},"end":{"line":13,"column":172}},"type":"cond-expr","locations":[{"start":{"line":13,"column":150},"end":{"line":13,"column":153}},{"start":{"line":13,"column":156},"end":{"line":13,"column":172}}],"line":13},"1":{"loc":{"start":{"line":13,"column":126},"end":{"line":13,"column":147}},"type":"binary-expr","locations":[{"start":{"line":13,"column":126},"end":{"line":13,"column":129}},{"start":{"line":13,"column":133},"end":{"line":13,"column":147}}],"line":13}},"s":{"0":0,"1":0,"2":0,"3":0,"4":0,"5":0,"6":0,"7":0,"8":0},"f":{"0":0,"1":0},"b":{"0":[0,0],"1":[0,0]}}
,"/Users/dwp/workspace/dwpComponents/react/src/select/SearchInput.js": {"path":"/Users/dwp/workspace/dwpComponents/react/src/select/SearchInput.js","statementMap":{"0":{"start":{"line":14,"column":56},"end":{"line":14,"column":66}},"1":{"start":{"line":15,"column":26},"end":{"line":17,"column":10}},"2":{"start":{"line":19,"column":8},"end":{"line":34,"column":9}}},"fnMap":{"0":{"name":"(anonymous_0)","decl":{"start":{"line":12,"column":4},"end":{"line":12,"column":5}},"loc":{"start":{"line":12,"column":13},"end":{"line":35,"column":5}},"line":12}},"branchMap":{},"s":{"0":0,"1":0,"2":0},"f":{"0":0},"b":{},"_coverageSchema":"332fd63041d2c1bcb487cc26dd0d5f7d97098a6c","hash":"f1d14f0028826880504be56a62066792b9f75a4a"}
,"/Users/dwp/workspace/dwpComponents/react/src/select/Select.js": {"path":"/Users/dwp/workspace/dwpComponents/react/src/select/Select.js","statementMap":{"0":{"start":{"line":15,"column":4},"end":{"line":15,"column":80}},"1":{"start":{"line":19,"column":16},"end":{"line":26,"column":1}},"2":{"start":{"line":19,"column":30},"end":{"line":26,"column":1}},"3":{"start":{"line":20,"column":4},"end":{"line":22,"column":5}},"4":{"start":{"line":21,"column":8},"end":{"line":21,"column":25}},"5":{"start":{"line":23,"column":17},"end":{"line":23,"column":40}},"6":{"start":{"line":25,"column":4},"end":{"line":25,"column":70}},"7":{"start":{"line":25,"column":43},"end":{"line":25,"column":51}},"8":{"start":{"line":29,"column":29},"end":{"line":93,"column":1}},"9":{"start":{"line":30,"column":4},"end":{"line":92,"column":5}},"10":{"start":{"line":34,"column":12},"end":{"line":34,"column":20}},"11":{"start":{"line":35,"column":12},"end":{"line":37,"column":13}},"12":{"start":{"line":41,"column":53},"end":{"line":41,"column":63}},"13":{"start":{"line":43,"column":30},"end":{"line":43,"column":32}},"14":{"start":{"line":46,"column":12},"end":{"line":54,"column":13}},"15":{"start":{"line":47,"column":16},"end":{"line":47,"column":54}},"16":{"start":{"line":48,"column":16},"end":{"line":48,"column":57}},"17":{"start":{"line":50,"column":16},"end":{"line":53,"column":19}},"18":{"start":{"line":51,"column":20},"end":{"line":51,"column":65}},"19":{"start":{"line":51,"column":58},"end":{"line":51,"column":65}},"20":{"start":{"line":52,"column":20},"end":{"line":52,"column":54}},"21":{"start":{"line":56,"column":12},"end":{"line":59,"column":15}},"22":{"start":{"line":62,"column":12},"end":{"line":84,"column":13}},"23":{"start":{"line":63,"column":16},"end":{"line":74,"column":23}},"24":{"start":{"line":65,"column":24},"end":{"line":65,"column":47}},"25":{"start":{"line":68,"column":24},"end":{"line":70,"column":26}},"26":{"start":{"line":73,"column":24},"end":{"line":73,"column":48}},"27":{"start":{"line":76,"column":31},"end":{"line":76,"column":33}},"28":{"start":{"line":77,"column":16},"end":{"line":79,"column":19}},"29":{"start":{"line":78,"column":20},"end":{"line":78,"column":50}},"30":{"start":{"line":81,"column":16},"end":{"line":83,"column":18}},"31":{"start":{"line":88,"column":12},"end":{"line":90,"column":13}},"32":{"start":{"line":96,"column":24},"end":{"line":148,"column":1}},"33":{"start":{"line":97,"column":4},"end":{"line":147,"column":5}},"34":{"start":{"line":101,"column":12},"end":{"line":101,"column":20}},"35":{"start":{"line":103,"column":12},"end":{"line":105,"column":13}},"36":{"start":{"line":110,"column":26},"end":{"line":110,"column":40}},"37":{"start":{"line":111,"column":25},"end":{"line":111,"column":30}},"38":{"start":{"line":112,"column":12},"end":{"line":114,"column":13}},"39":{"start":{"line":113,"column":16},"end":{"line":113,"column":30}},"40":{"start":{"line":116,"column":12},"end":{"line":120,"column":15}},"41":{"start":{"line":117,"column":16},"end":{"line":119,"column":41}},"42":{"start":{"line":122,"column":12},"end":{"line":124,"column":14}},"43":{"start":{"line":129,"column":12},"end":{"line":131,"column":15}},"44":{"start":{"line":130,"column":16},"end":{"line":130,"column":34}},"45":{"start":{"line":132,"column":12},"end":{"line":134,"column":14}},"46":{"start":{"line":138,"column":12},"end":{"line":145,"column":13}},"47":{"start":{"line":151,"column":29},"end":{"line":182,"column":1}},"48":{"start":{"line":152,"column":4},"end":{"line":181,"column":5}},"49":{"start":{"line":156,"column":12},"end":{"line":156,"column":20}},"50":{"start":{"line":157,"column":12},"end":{"line":159,"column":13}},"51":{"start":{"line":163,"column":31},"end":{"line":163,"column":41}},"52":{"start":{"line":164,"column":12},"end":{"line":166,"column":15}},"53":{"start":{"line":171,"column":12},"end":{"line":173,"column":14}},"54":{"start":{"line":177,"column":12},"end":{"line":179,"column":13}},"55":{"start":{"line":185,"column":24},"end":{"line":213,"column":1}},"56":{"start":{"line":186,"column":4},"end":{"line":212,"column":5}},"57":{"start":{"line":190,"column":12},"end":{"line":190,"column":20}},"58":{"start":{"line":192,"column":12},"end":{"line":195,"column":13}},"59":{"start":{"line":199,"column":12},"end":{"line":202,"column":15}},"60":{"start":{"line":203,"column":12},"end":{"line":203,"column":39}},"61":{"start":{"line":208,"column":12},"end":{"line":210,"column":13}},"62":{"start":{"line":217,"column":8},"end":{"line":231,"column":9}},"63":{"start":{"line":235,"column":20},"end":{"line":235,"column":124}},"64":{"start":{"line":239,"column":8},"end":{"line":241,"column":9}}},"fnMap":{"0":{"name":"getDisplayName","decl":{"start":{"line":14,"column":9},"end":{"line":14,"column":23}},"loc":{"start":{"line":14,"column":42},"end":{"line":16,"column":1}},"line":14},"1":{"name":"(anonymous_1)","decl":{"start":{"line":19,"column":16},"end":{"line":19,"column":17}},"loc":{"start":{"line":19,"column":30},"end":{"line":26,"column":1}},"line":19},"2":{"name":"(anonymous_2)","decl":{"start":{"line":19,"column":30},"end":{"line":19,"column":31}},"loc":{"start":{"line":19,"column":43},"end":{"line":26,"column":1}},"line":19},"3":{"name":"(anonymous_3)","decl":{"start":{"line":25,"column":29},"end":{"line":25,"column":30}},"loc":{"start":{"line":25,"column":43},"end":{"line":25,"column":51}},"line":25},"4":{"name":"(anonymous_4)","decl":{"start":{"line":29,"column":29},"end":{"line":29,"column":30}},"loc":{"start":{"line":29,"column":49},"end":{"line":93,"column":1}},"line":29},"5":{"name":"(anonymous_5)","decl":{"start":{"line":33,"column":8},"end":{"line":33,"column":9}},"loc":{"start":{"line":33,"column":22},"end":{"line":38,"column":9}},"line":33},"6":{"name":"(anonymous_6)","decl":{"start":{"line":40,"column":8},"end":{"line":40,"column":9}},"loc":{"start":{"line":40,"column":28},"end":{"line":85,"column":9}},"line":40},"7":{"name":"(anonymous_7)","decl":{"start":{"line":50,"column":29},"end":{"line":50,"column":30}},"loc":{"start":{"line":50,"column":39},"end":{"line":53,"column":17}},"line":50},"8":{"name":"(anonymous_8)","decl":{"start":{"line":64,"column":26},"end":{"line":64,"column":27}},"loc":{"start":{"line":64,"column":46},"end":{"line":66,"column":21}},"line":64},"9":{"name":"(anonymous_9)","decl":{"start":{"line":67,"column":26},"end":{"line":67,"column":27}},"loc":{"start":{"line":67,"column":42},"end":{"line":71,"column":21}},"line":67},"10":{"name":"(anonymous_10)","decl":{"start":{"line":72,"column":27},"end":{"line":72,"column":28}},"loc":{"start":{"line":72,"column":40},"end":{"line":74,"column":21}},"line":72},"11":{"name":"(anonymous_11)","decl":{"start":{"line":77,"column":25},"end":{"line":77,"column":26}},"loc":{"start":{"line":77,"column":35},"end":{"line":79,"column":17}},"line":77},"12":{"name":"(anonymous_12)","decl":{"start":{"line":87,"column":8},"end":{"line":87,"column":9}},"loc":{"start":{"line":87,"column":17},"end":{"line":91,"column":9}},"line":87},"13":{"name":"(anonymous_13)","decl":{"start":{"line":96,"column":24},"end":{"line":96,"column":25}},"loc":{"start":{"line":96,"column":44},"end":{"line":148,"column":1}},"line":96},"14":{"name":"(anonymous_14)","decl":{"start":{"line":100,"column":8},"end":{"line":100,"column":9}},"loc":{"start":{"line":100,"column":22},"end":{"line":106,"column":9}},"line":100},"15":{"name":"(anonymous_15)","decl":{"start":{"line":109,"column":27},"end":{"line":109,"column":28}},"loc":{"start":{"line":109,"column":34},"end":{"line":125,"column":9}},"line":109},"16":{"name":"(anonymous_16)","decl":{"start":{"line":116,"column":51},"end":{"line":116,"column":52}},"loc":{"start":{"line":116,"column":61},"end":{"line":120,"column":13}},"line":116},"17":{"name":"(anonymous_17)","decl":{"start":{"line":128,"column":29},"end":{"line":128,"column":30}},"loc":{"start":{"line":128,"column":35},"end":{"line":135,"column":9}},"line":128},"18":{"name":"(anonymous_18)","decl":{"start":{"line":129,"column":51},"end":{"line":129,"column":52}},"loc":{"start":{"line":129,"column":61},"end":{"line":131,"column":13}},"line":129},"19":{"name":"(anonymous_19)","decl":{"start":{"line":137,"column":8},"end":{"line":137,"column":9}},"loc":{"start":{"line":137,"column":17},"end":{"line":146,"column":9}},"line":137},"20":{"name":"(anonymous_20)","decl":{"start":{"line":151,"column":29},"end":{"line":151,"column":30}},"loc":{"start":{"line":151,"column":49},"end":{"line":182,"column":1}},"line":151},"21":{"name":"(anonymous_21)","decl":{"start":{"line":155,"column":8},"end":{"line":155,"column":9}},"loc":{"start":{"line":155,"column":22},"end":{"line":160,"column":9}},"line":155},"22":{"name":"(anonymous_22)","decl":{"start":{"line":162,"column":8},"end":{"line":162,"column":9}},"loc":{"start":{"line":162,"column":28},"end":{"line":167,"column":9}},"line":162},"23":{"name":"(anonymous_23)","decl":{"start":{"line":170,"column":22},"end":{"line":170,"column":23}},"loc":{"start":{"line":170,"column":28},"end":{"line":174,"column":9}},"line":170},"24":{"name":"(anonymous_24)","decl":{"start":{"line":176,"column":8},"end":{"line":176,"column":9}},"loc":{"start":{"line":176,"column":17},"end":{"line":180,"column":9}},"line":176},"25":{"name":"(anonymous_25)","decl":{"start":{"line":185,"column":24},"end":{"line":185,"column":25}},"loc":{"start":{"line":185,"column":44},"end":{"line":213,"column":1}},"line":185},"26":{"name":"(anonymous_26)","decl":{"start":{"line":189,"column":8},"end":{"line":189,"column":9}},"loc":{"start":{"line":189,"column":22},"end":{"line":196,"column":9}},"line":189},"27":{"name":"(anonymous_27)","decl":{"start":{"line":198,"column":29},"end":{"line":198,"column":30}},"loc":{"start":{"line":198,"column":36},"end":{"line":204,"column":9}},"line":198},"28":{"name":"(anonymous_28)","decl":{"start":{"line":206,"column":8},"end":{"line":206,"column":9}},"loc":{"start":{"line":206,"column":17},"end":{"line":211,"column":9}},"line":206},"29":{"name":"(anonymous_29)","decl":{"start":{"line":216,"column":4},"end":{"line":216,"column":5}},"loc":{"start":{"line":216,"column":13},"end":{"line":232,"column":5}},"line":216},"30":{"name":"(anonymous_30)","decl":{"start":{"line":238,"column":4},"end":{"line":238,"column":5}},"loc":{"start":{"line":238,"column":13},"end":{"line":242,"column":5}},"line":238}},"branchMap":{"0":{"loc":{"start":{"line":15,"column":11},"end":{"line":15,"column":79}},"type":"binary-expr","locations":[{"start":{"line":15,"column":11},"end":{"line":15,"column":39}},{"start":{"line":15,"column":43},"end":{"line":15,"column":64}},{"start":{"line":15,"column":68},"end":{"line":15,"column":79}}],"line":15},"1":{"loc":{"start":{"line":20,"column":4},"end":{"line":22,"column":5}},"type":"if","locations":[{"start":{"line":20,"column":4},"end":{"line":22,"column":5}},{"start":{"line":20,"column":4},"end":{"line":22,"column":5}}],"line":20},"2":{"loc":{"start":{"line":46,"column":12},"end":{"line":54,"column":13}},"type":"if","locations":[{"start":{"line":46,"column":12},"end":{"line":54,"column":13}},{"start":{"line":46,"column":12},"end":{"line":54,"column":13}}],"line":46},"3":{"loc":{"start":{"line":51,"column":20},"end":{"line":51,"column":65}},"type":"if","locations":[{"start":{"line":51,"column":20},"end":{"line":51,"column":65}},{"start":{"line":51,"column":20},"end":{"line":51,"column":65}}],"line":51},"4":{"loc":{"start":{"line":62,"column":12},"end":{"line":84,"column":13}},"type":"if","locations":[{"start":{"line":62,"column":12},"end":{"line":84,"column":13}},{"start":{"line":62,"column":12},"end":{"line":84,"column":13}}],"line":62},"5":{"loc":{"start":{"line":112,"column":12},"end":{"line":114,"column":13}},"type":"if","locations":[{"start":{"line":112,"column":12},"end":{"line":114,"column":13}},{"start":{"line":112,"column":12},"end":{"line":114,"column":13}}],"line":112},"6":{"loc":{"start":{"line":116,"column":12},"end":{"line":120,"column":14}},"type":"binary-expr","locations":[{"start":{"line":116,"column":12},"end":{"line":116,"column":27}},{"start":{"line":116,"column":31},"end":{"line":120,"column":14}}],"line":116},"7":{"loc":{"start":{"line":117,"column":16},"end":{"line":119,"column":41}},"type":"cond-expr","locations":[{"start":{"line":118,"column":22},"end":{"line":118,"column":40}},{"start":{"line":119,"column":22},"end":{"line":119,"column":41}}],"line":117},"8":{"loc":{"start":{"line":117,"column":16},"end":{"line":117,"column":70}},"type":"binary-expr","locations":[{"start":{"line":117,"column":16},"end":{"line":117,"column":31}},{"start":{"line":117,"column":35},"end":{"line":117,"column":70}}],"line":117},"9":{"loc":{"start":{"line":129,"column":12},"end":{"line":131,"column":14}},"type":"binary-expr","locations":[{"start":{"line":129,"column":12},"end":{"line":129,"column":27}},{"start":{"line":129,"column":31},"end":{"line":131,"column":14}}],"line":129},"10":{"loc":{"start":{"line":165,"column":26},"end":{"line":165,"column":57}},"type":"binary-expr","locations":[{"start":{"line":165,"column":26},"end":{"line":165,"column":34}},{"start":{"line":165,"column":38},"end":{"line":165,"column":57}}],"line":165},"11":{"loc":{"start":{"line":222,"column":24},"end":{"line":223,"column":54}},"type":"binary-expr","locations":[{"start":{"line":222,"column":24},"end":{"line":222,"column":41}},{"start":{"line":222,"column":45},"end":{"line":222,"column":64}},{"start":{"line":223,"column":24},"end":{"line":223,"column":54}}],"line":222},"12":{"loc":{"start":{"line":226,"column":24},"end":{"line":227,"column":53}},"type":"binary-expr","locations":[{"start":{"line":226,"column":24},"end":{"line":226,"column":43}},{"start":{"line":227,"column":24},"end":{"line":227,"column":53}}],"line":226}},"s":{"0":5,"1":1,"2":1,"3":1,"4":0,"5":1,"6":1,"7":4,"8":1,"9":1,"10":1,"11":1,"12":1,"13":1,"14":1,"15":1,"16":1,"17":0,"18":0,"19":0,"20":0,"21":1,"22":1,"23":0,"24":0,"25":0,"26":0,"27":1,"28":1,"29":7,"30":1,"31":2,"32":1,"33":1,"34":1,"35":1,"36":0,"37":0,"38":0,"39":0,"40":0,"41":0,"42":0,"43":0,"44":0,"45":0,"46":2,"47":1,"48":1,"49":1,"50":1,"51":1,"52":1,"53":0,"54":2,"55":1,"56":2,"57":3,"58":3,"59":0,"60":0,"61":4,"62":2,"63":1,"64":1},"f":{"0":5,"1":1,"2":1,"3":4,"4":1,"5":1,"6":1,"7":0,"8":0,"9":0,"10":0,"11":7,"12":2,"13":1,"14":1,"15":0,"16":0,"17":0,"18":0,"19":2,"20":1,"21":1,"22":1,"23":0,"24":2,"25":2,"26":3,"27":0,"28":4,"29":2,"30":1},"b":{"0":[5,1,0],"1":[0,1],"2":[1,0],"3":[0,0],"4":[0,1],"5":[0,0],"6":[0,0],"7":[0,0],"8":[0,0],"9":[0,0],"10":[1,1],"11":[2,0,0],"12":[2,0]},"_coverageSchema":"332fd63041d2c1bcb487cc26dd0d5f7d97098a6c","hash":"3c13c70bc014c1ed01639f7e1002924e1141d1c6"}
,"/Users/dwp/workspace/dwpComponents/react/src/select/SelectInput.js": {"path":"/Users/dwp/workspace/dwpComponents/react/src/select/SelectInput.js","statementMap":{"0":{"start":{"line":12,"column":115},"end":{"line":12,"column":125}},"1":{"start":{"line":13,"column":28},"end":{"line":13,"column":52}},"2":{"start":{"line":14,"column":25},"end":{"line":14,"column":91}},"3":{"start":{"line":15,"column":25},"end":{"line":15,"column":76}},"4":{"start":{"line":17,"column":8},"end":{"line":31,"column":9}}},"fnMap":{"0":{"name":"(anonymous_0)","decl":{"start":{"line":10,"column":4},"end":{"line":10,"column":5}},"loc":{"start":{"line":10,"column":13},"end":{"line":32,"column":5}},"line":10}},"branchMap":{"0":{"loc":{"start":{"line":13,"column":28},"end":{"line":13,"column":52}},"type":"cond-expr","locations":[{"start":{"line":13,"column":39},"end":{"line":13,"column":43}},{"start":{"line":13,"column":46},"end":{"line":13,"column":52}}],"line":13},"1":{"loc":{"start":{"line":14,"column":25},"end":{"line":14,"column":91}},"type":"cond-expr","locations":[{"start":{"line":14,"column":50},"end":{"line":14,"column":62}},{"start":{"line":14,"column":65},"end":{"line":14,"column":91}}],"line":14},"2":{"loc":{"start":{"line":14,"column":65},"end":{"line":14,"column":91}},"type":"binary-expr","locations":[{"start":{"line":14,"column":65},"end":{"line":14,"column":76}},{"start":{"line":14,"column":80},"end":{"line":14,"column":91}}],"line":14},"3":{"loc":{"start":{"line":15,"column":25},"end":{"line":15,"column":76}},"type":"cond-expr","locations":[{"start":{"line":15,"column":50},"end":{"line":15,"column":62}},{"start":{"line":15,"column":65},"end":{"line":15,"column":76}}],"line":15}},"s":{"0":2,"1":2,"2":2,"3":2,"4":2},"f":{"0":2},"b":{"0":[0,2],"1":[0,2],"2":[2,1],"3":[0,2]},"_coverageSchema":"332fd63041d2c1bcb487cc26dd0d5f7d97098a6c","hash":"2aa489603daa1f50ae69ed620d4f472db98983cb"}
,"/Users/dwp/workspace/dwpComponents/react/src/select/SelectList.js": {"path":"/Users/dwp/workspace/dwpComponents/react/src/select/SelectList.js","statementMap":{"0":{"start":{"line":11,"column":87},"end":{"line":11,"column":97}},"1":{"start":{"line":12,"column":25},"end":{"line":12,"column":52}},"2":{"start":{"line":13,"column":26},"end":{"line":15,"column":10}},"3":{"start":{"line":17,"column":8},"end":{"line":45,"column":9}},"4":{"start":{"line":24,"column":46},"end":{"line":24,"column":110}},"5":{"start":{"line":25,"column":41},"end":{"line":25,"column":52}},"6":{"start":{"line":26,"column":42},"end":{"line":26,"column":60}},"7":{"start":{"line":28,"column":28},"end":{"line":40,"column":29}}},"fnMap":{"0":{"name":"(anonymous_0)","decl":{"start":{"line":10,"column":4},"end":{"line":10,"column":5}},"loc":{"start":{"line":10,"column":13},"end":{"line":46,"column":5}},"line":10},"1":{"name":"(anonymous_1)","decl":{"start":{"line":23,"column":41},"end":{"line":23,"column":42}},"loc":{"start":{"line":23,"column":51},"end":{"line":41,"column":25}},"line":23}},"branchMap":{"0":{"loc":{"start":{"line":12,"column":25},"end":{"line":12,"column":52}},"type":"binary-expr","locations":[{"start":{"line":12,"column":25},"end":{"line":12,"column":37}},{"start":{"line":12,"column":41},"end":{"line":12,"column":52}}],"line":12},"1":{"loc":{"start":{"line":23,"column":24},"end":{"line":41,"column":26}},"type":"binary-expr","locations":[{"start":{"line":23,"column":24},"end":{"line":23,"column":28}},{"start":{"line":23,"column":32},"end":{"line":41,"column":26}}],"line":23},"2":{"loc":{"start":{"line":24,"column":46},"end":{"line":24,"column":110}},"type":"cond-expr","locations":[{"start":{"line":24,"column":82},"end":{"line":24,"column":105}},{"start":{"line":24,"column":108},"end":{"line":24,"column":110}}],"line":24},"3":{"loc":{"start":{"line":29,"column":32},"end":{"line":39,"column":42}},"type":"cond-expr","locations":[{"start":{"line":30,"column":38},"end":{"line":38,"column":41}},{"start":{"line":39,"column":38},"end":{"line":39,"column":42}}],"line":29},"4":{"loc":{"start":{"line":29,"column":32},"end":{"line":29,"column":62}},"type":"binary-expr","locations":[{"start":{"line":29,"column":32},"end":{"line":29,"column":38}},{"start":{"line":29,"column":42},"end":{"line":29,"column":62}}],"line":29}},"s":{"0":0,"1":0,"2":0,"3":0,"4":0,"5":0,"6":0,"7":0},"f":{"0":0,"1":0},"b":{"0":[0,0],"1":[0,0],"2":[0,0],"3":[0,0],"4":[0,0]},"_coverageSchema":"332fd63041d2c1bcb487cc26dd0d5f7d97098a6c","hash":"f0b1a054668b1de7e105651bd94f91f4bed599ff"}
,"/Users/dwp/workspace/dwpComponents/react/src/table/Index.js": {"path":"/Users/dwp/workspace/dwpComponents/react/src/table/Index.js","statementMap":{"0":{"start":{"line":1,"column":13},"end":{"line":1,"column":75}},"1":{"start":{"line":1,"column":94},"end":{"line":1,"column":155}},"2":{"start":{"line":1,"column":169},"end":{"line":1,"column":185}},"3":{"start":{"line":1,"column":200},"end":{"line":1,"column":230}},"4":{"start":{"line":2,"column":13},"end":{"line":2,"column":31}},"5":{"start":{"line":2,"column":46},"end":{"line":2,"column":76}},"6":{"start":{"line":2,"column":115},"end":{"line":2,"column":169}},"7":{"start":{"line":4,"column":16},"end":{"line":21,"column":8}},"8":{"start":{"line":14,"column":8},"end":{"line":18,"column":151}},"9":{"start":{"line":25,"column":19},"end":{"line":88,"column":16}},"10":{"start":{"line":94,"column":8},"end":{"line":94,"column":16}},"11":{"start":{"line":95,"column":8},"end":{"line":97,"column":29}},"12":{"start":{"line":102,"column":8},"end":{"line":106,"column":17}},"13":{"start":{"line":103,"column":12},"end":{"line":104,"column":42}},"14":{"start":{"line":108,"column":8},"end":{"line":109,"column":32}},"15":{"start":{"line":114,"column":8},"end":{"line":114,"column":18}},"16":{"start":{"line":114,"column":35},"end":{"line":114,"column":49}},"17":{"start":{"line":114,"column":63},"end":{"line":114,"column":80}},"18":{"start":{"line":116,"column":25},"end":{"line":122,"column":15}},"19":{"start":{"line":118,"column":16},"end":{"line":118,"column":40}},"20":{"start":{"line":121,"column":16},"end":{"line":121,"column":42}},"21":{"start":{"line":125,"column":8},"end":{"line":134,"column":106}},"22":{"start":{"line":138,"column":6},"end":{"line":141,"column":6}}},"fnMap":{"0":{"name":"_interopRequireDefault","decl":{"start":{"line":2,"column":86},"end":{"line":2,"column":108}},"loc":{"start":{"line":2,"column":114},"end":{"line":2,"column":170}},"line":2},"1":{"name":"(anonymous_1)","decl":{"start":{"line":13,"column":12},"end":{"line":13,"column":13}},"loc":{"start":{"line":13,"column":22},"end":{"line":21,"column":5}},"line":13},"2":{"name":"(anonymous_2)","decl":{"start":{"line":93,"column":4},"end":{"line":93,"column":5}},"loc":{"start":{"line":93,"column":18},"end":{"line":99,"column":5}},"line":93},"3":{"name":"(anonymous_3)","decl":{"start":{"line":101,"column":4},"end":{"line":101,"column":5}},"loc":{"start":{"line":101,"column":24},"end":{"line":111,"column":5}},"line":101},"4":{"name":"(anonymous_4)","decl":{"start":{"line":102,"column":19},"end":{"line":102,"column":20}},"loc":{"start":{"line":102,"column":25},"end":{"line":106,"column":9}},"line":102},"5":{"name":"(anonymous_5)","decl":{"start":{"line":113,"column":4},"end":{"line":113,"column":5}},"loc":{"start":{"line":113,"column":13},"end":{"line":138,"column":5}},"line":113},"6":{"name":"(anonymous_6)","decl":{"start":{"line":117,"column":22},"end":{"line":117,"column":23}},"loc":{"start":{"line":117,"column":32},"end":{"line":119,"column":13}},"line":117},"7":{"name":"(anonymous_7)","decl":{"start":{"line":120,"column":22},"end":{"line":120,"column":23}},"loc":{"start":{"line":120,"column":38},"end":{"line":122,"column":13}},"line":120}},"branchMap":{"0":{"loc":{"start":{"line":2,"column":122},"end":{"line":2,"column":168}},"type":"cond-expr","locations":[{"start":{"line":2,"column":146},"end":{"line":2,"column":149}},{"start":{"line":2,"column":152},"end":{"line":2,"column":168}}],"line":2},"1":{"loc":{"start":{"line":2,"column":122},"end":{"line":2,"column":143}},"type":"binary-expr","locations":[{"start":{"line":2,"column":122},"end":{"line":2,"column":125}},{"start":{"line":2,"column":129},"end":{"line":2,"column":143}}],"line":2}},"s":{"0":0,"1":0,"2":0,"3":0,"4":0,"5":0,"6":0,"7":0,"8":0,"9":0,"10":0,"11":0,"12":0,"13":0,"14":0,"15":0,"16":0,"17":0,"18":0,"19":0,"20":0,"21":0,"22":0},"f":{"0":0,"1":0,"2":0,"3":0,"4":0,"5":0,"6":0,"7":0},"b":{"0":[0,0],"1":[0,0]}}
,"/Users/dwp/workspace/dwpComponents/react/src/table/Table.js": {"path":"/Users/dwp/workspace/dwpComponents/react/src/table/Table.js","statementMap":{"0":{"start":{"line":1,"column":13},"end":{"line":1,"column":75}},"1":{"start":{"line":1,"column":94},"end":{"line":1,"column":155}},"2":{"start":{"line":4,"column":13},"end":{"line":4,"column":29}},"3":{"start":{"line":4,"column":44},"end":{"line":4,"column":74}},"4":{"start":{"line":5,"column":18},"end":{"line":5,"column":39}},"5":{"start":{"line":5,"column":59},"end":{"line":5,"column":94}},"6":{"start":{"line":6,"column":11},"end":{"line":6,"column":35}},"7":{"start":{"line":7,"column":18},"end":{"line":7,"column":53}},"8":{"start":{"line":7,"column":73},"end":{"line":7,"column":108}},"9":{"start":{"line":8,"column":17},"end":{"line":8,"column":50}},"10":{"start":{"line":8,"column":69},"end":{"line":8,"column":103}},"11":{"start":{"line":9,"column":13},"end":{"line":9,"column":42}},"12":{"start":{"line":9,"column":57},"end":{"line":9,"column":87}},"13":{"start":{"line":10,"column":0},"end":{"line":10,"column":24}},"14":{"start":{"line":10,"column":62},"end":{"line":10,"column":116}},"15":{"start":{"line":14,"column":4},"end":{"line":14,"column":80}},"16":{"start":{"line":18,"column":16},"end":{"line":25,"column":1}},"17":{"start":{"line":18,"column":30},"end":{"line":25,"column":1}},"18":{"start":{"line":19,"column":4},"end":{"line":21,"column":5}},"19":{"start":{"line":20,"column":8},"end":{"line":20,"column":25}},"20":{"start":{"line":22,"column":17},"end":{"line":22,"column":40}},"21":{"start":{"line":24,"column":4},"end":{"line":24,"column":70}},"22":{"start":{"line":24,"column":43},"end":{"line":24,"column":51}},"23":{"start":{"line":27,"column":22},"end":{"line":60,"column":84}},"24":{"start":{"line":27,"column":61},"end":{"line":60,"column":83}},"25":{"start":{"line":31,"column":12},"end":{"line":31,"column":25}},"26":{"start":{"line":31,"column":25},"end":{"line":43,"column":14}},"27":{"start":{"line":40,"column":16},"end":{"line":41,"column":65}},"28":{"start":{"line":43,"column":14},"end":{"line":43,"column":79}},"29":{"start":{"line":46,"column":25},"end":{"line":46,"column":46}},"30":{"start":{"line":47,"column":12},"end":{"line":51,"column":13}},"31":{"start":{"line":48,"column":16},"end":{"line":49,"column":172}},"32":{"start":{"line":53,"column":12},"end":{"line":57,"column":129}},"33":{"start":{"line":65,"column":8},"end":{"line":65,"column":16}},"34":{"start":{"line":65,"column":16},"end":{"line":235,"column":10}},"35":{"start":{"line":130,"column":22},"end":{"line":130,"column":35}},"36":{"start":{"line":130,"column":49},"end":{"line":130,"column":65}},"37":{"start":{"line":130,"column":71},"end":{"line":130,"column":79}},"38":{"start":{"line":130,"column":91},"end":{"line":130,"column":105}},"39":{"start":{"line":130,"column":118},"end":{"line":130,"column":133}},"40":{"start":{"line":130,"column":147},"end":{"line":130,"column":163}},"41":{"start":{"line":131,"column":22},"end":{"line":131,"column":40}},"42":{"start":{"line":133,"column":30},"end":{"line":133,"column":32}},"43":{"start":{"line":134,"column":26},"end":{"line":134,"column":28}},"44":{"start":{"line":135,"column":26},"end":{"line":135,"column":28}},"45":{"start":{"line":136,"column":27},"end":{"line":136,"column":29}},"46":{"start":{"line":137,"column":25},"end":{"line":137,"column":26}},"47":{"start":{"line":138,"column":26},"end":{"line":138,"column":28}},"48":{"start":{"line":141,"column":12},"end":{"line":149,"column":13}},"49":{"start":{"line":142,"column":30},"end":{"line":142,"column":82}},"50":{"start":{"line":144,"column":16},"end":{"line":144,"column":78}},"51":{"start":{"line":145,"column":16},"end":{"line":145,"column":33}},"52":{"start":{"line":146,"column":16},"end":{"line":148,"column":19}},"53":{"start":{"line":147,"column":20},"end":{"line":147,"column":36}},"54":{"start":{"line":152,"column":12},"end":{"line":187,"column":13}},"55":{"start":{"line":153,"column":33},"end":{"line":171,"column":23}},"56":{"start":{"line":156,"column":24},"end":{"line":157,"column":227}},"57":{"start":{"line":163,"column":24},"end":{"line":168,"column":149}},"58":{"start":{"line":168,"column":47},"end":{"line":168,"column":75}},"59":{"start":{"line":174,"column":16},"end":{"line":174,"column":84}},"60":{"start":{"line":176,"column":16},"end":{"line":176,"column":33}},"61":{"start":{"line":177,"column":16},"end":{"line":185,"column":19}},"62":{"start":{"line":178,"column":20},"end":{"line":184,"column":21}},"63":{"start":{"line":179,"column":24},"end":{"line":179,"column":64}},"64":{"start":{"line":180,"column":24},"end":{"line":180,"column":79}},"65":{"start":{"line":182,"column":24},"end":{"line":182,"column":46}},"66":{"start":{"line":183,"column":24},"end":{"line":183,"column":51}},"67":{"start":{"line":186,"column":16},"end":{"line":186,"column":50}},"68":{"start":{"line":189,"column":12},"end":{"line":202,"column":15}},"69":{"start":{"line":190,"column":16},"end":{"line":190,"column":60}},"70":{"start":{"line":192,"column":16},"end":{"line":200,"column":48}},"71":{"start":{"line":194,"column":24},"end":{"line":194,"column":47}},"72":{"start":{"line":195,"column":24},"end":{"line":195,"column":30}},"73":{"start":{"line":197,"column":24},"end":{"line":197,"column":48}},"74":{"start":{"line":198,"column":24},"end":{"line":198,"column":30}},"75":{"start":{"line":200,"column":24},"end":{"line":200,"column":47}},"76":{"start":{"line":205,"column":12},"end":{"line":209,"column":13}},"77":{"start":{"line":206,"column":16},"end":{"line":206,"column":33}},"78":{"start":{"line":207,"column":16},"end":{"line":207,"column":58}},"79":{"start":{"line":208,"column":16},"end":{"line":208,"column":34}},"80":{"start":{"line":212,"column":12},"end":{"line":224,"column":13}},"81":{"start":{"line":213,"column":26},"end":{"line":213,"column":44}},"82":{"start":{"line":213,"column":56},"end":{"line":213,"column":75}},"83":{"start":{"line":213,"column":84},"end":{"line":213,"column":100}},"84":{"start":{"line":214,"column":29},"end":{"line":214,"column":57}},"85":{"start":{"line":215,"column":27},"end":{"line":215,"column":82}},"86":{"start":{"line":216,"column":31},"end":{"line":216,"column":33}},"87":{"start":{"line":218,"column":16},"end":{"line":220,"column":19}},"88":{"start":{"line":219,"column":20},"end":{"line":219,"column":84}},"89":{"start":{"line":221,"column":16},"end":{"line":222,"column":44}},"90":{"start":{"line":226,"column":12},"end":{"line":233,"column":60}},"91":{"start":{"line":235,"column":10},"end":{"line":256,"column":10}},"92":{"start":{"line":239,"column":22},"end":{"line":239,"column":40}},"93":{"start":{"line":240,"column":27},"end":{"line":240,"column":32}},"94":{"start":{"line":240,"column":47},"end":{"line":240,"column":49}},"95":{"start":{"line":242,"column":12},"end":{"line":245,"column":13}},"96":{"start":{"line":243,"column":16},"end":{"line":243,"column":32}},"97":{"start":{"line":244,"column":16},"end":{"line":244,"column":55}},"98":{"start":{"line":247,"column":12},"end":{"line":247,"column":86}},"99":{"start":{"line":249,"column":12},"end":{"line":253,"column":38}},"100":{"start":{"line":256,"column":10},"end":{"line":269,"column":10}},"101":{"start":{"line":260,"column":28},"end":{"line":260,"column":46}},"102":{"start":{"line":261,"column":20},"end":{"line":261,"column":52}},"103":{"start":{"line":263,"column":12},"end":{"line":263,"column":96}},"104":{"start":{"line":264,"column":12},"end":{"line":264,"column":104}},"105":{"start":{"line":266,"column":12},"end":{"line":266,"column":94}},"106":{"start":{"line":268,"column":12},"end":{"line":268,"column":39}},"107":{"start":{"line":269,"column":10},"end":{"line":293,"column":10}},"108":{"start":{"line":277,"column":29},"end":{"line":277,"column":48}},"109":{"start":{"line":278,"column":24},"end":{"line":278,"column":60}},"110":{"start":{"line":280,"column":30},"end":{"line":280,"column":31}},"111":{"start":{"line":282,"column":12},"end":{"line":284,"column":15}},"112":{"start":{"line":283,"column":16},"end":{"line":283,"column":36}},"113":{"start":{"line":286,"column":12},"end":{"line":288,"column":15}},"114":{"start":{"line":287,"column":16},"end":{"line":287,"column":36}},"115":{"start":{"line":290,"column":12},"end":{"line":290,"column":34}},"116":{"start":{"line":292,"column":12},"end":{"line":292,"column":53}},"117":{"start":{"line":293,"column":10},"end":{"line":311,"column":10}},"118":{"start":{"line":297,"column":27},"end":{"line":297,"column":60}},"119":{"start":{"line":298,"column":20},"end":{"line":298,"column":71}},"120":{"start":{"line":299,"column":21},"end":{"line":299,"column":92}},"121":{"start":{"line":300,"column":21},"end":{"line":300,"column":56}},"122":{"start":{"line":302,"column":12},"end":{"line":308,"column":32}},"123":{"start":{"line":311,"column":10},"end":{"line":335,"column":10}},"124":{"start":{"line":315,"column":12},"end":{"line":315,"column":22}},"125":{"start":{"line":315,"column":39},"end":{"line":315,"column":53}},"126":{"start":{"line":315,"column":62},"end":{"line":315,"column":74}},"127":{"start":{"line":316,"column":12},"end":{"line":316,"column":43}},"128":{"start":{"line":316,"column":36},"end":{"line":316,"column":43}},"129":{"start":{"line":318,"column":24},"end":{"line":318,"column":75}},"130":{"start":{"line":319,"column":21},"end":{"line":319,"column":61}},"131":{"start":{"line":322,"column":12},"end":{"line":326,"column":13}},"132":{"start":{"line":323,"column":16},"end":{"line":323,"column":28}},"133":{"start":{"line":325,"column":16},"end":{"line":325,"column":59}},"134":{"start":{"line":328,"column":12},"end":{"line":332,"column":33}},"135":{"start":{"line":335,"column":10},"end":{"line":380,"column":10}},"136":{"start":{"line":339,"column":12},"end":{"line":339,"column":22}},"137":{"start":{"line":339,"column":39},"end":{"line":339,"column":54}},"138":{"start":{"line":339,"column":69},"end":{"line":339,"column":88}},"139":{"start":{"line":339,"column":103},"end":{"line":339,"column":122}},"140":{"start":{"line":339,"column":138},"end":{"line":339,"column":158}},"141":{"start":{"line":339,"column":167},"end":{"line":339,"column":180}},"142":{"start":{"line":341,"column":12},"end":{"line":341,"column":43}},"143":{"start":{"line":341,"column":36},"end":{"line":341,"column":43}},"144":{"start":{"line":343,"column":29},"end":{"line":343,"column":30}},"145":{"start":{"line":345,"column":12},"end":{"line":348,"column":15}},"146":{"start":{"line":346,"column":16},"end":{"line":346,"column":74}},"147":{"start":{"line":347,"column":16},"end":{"line":347,"column":60}},"148":{"start":{"line":350,"column":12},"end":{"line":353,"column":15}},"149":{"start":{"line":351,"column":16},"end":{"line":351,"column":74}},"150":{"start":{"line":352,"column":16},"end":{"line":352,"column":60}},"151":{"start":{"line":355,"column":12},"end":{"line":358,"column":15}},"152":{"start":{"line":356,"column":16},"end":{"line":356,"column":74}},"153":{"start":{"line":357,"column":16},"end":{"line":357,"column":60}},"154":{"start":{"line":361,"column":27},"end":{"line":361,"column":68}},"155":{"start":{"line":363,"column":12},"end":{"line":368,"column":13}},"156":{"start":{"line":364,"column":16},"end":{"line":364,"column":33}},"157":{"start":{"line":365,"column":16},"end":{"line":366,"column":29}},"158":{"start":{"line":370,"column":12},"end":{"line":377,"column":43}},"159":{"start":{"line":380,"column":10},"end":{"line":419,"column":10}},"160":{"start":{"line":384,"column":30},"end":{"line":384,"column":50}},"161":{"start":{"line":385,"column":12},"end":{"line":385,"column":22}},"162":{"start":{"line":385,"column":42},"end":{"line":385,"column":60}},"163":{"start":{"line":385,"column":75},"end":{"line":385,"column":94}},"164":{"start":{"line":385,"column":103},"end":{"line":385,"column":116}},"165":{"start":{"line":386,"column":21},"end":{"line":386,"column":62}},"166":{"start":{"line":387,"column":22},"end":{"line":387,"column":65}},"167":{"start":{"line":389,"column":26},"end":{"line":389,"column":49}},"168":{"start":{"line":390,"column":22},"end":{"line":390,"column":45}},"169":{"start":{"line":393,"column":12},"end":{"line":395,"column":13}},"170":{"start":{"line":394,"column":16},"end":{"line":394,"column":35}},"171":{"start":{"line":401,"column":12},"end":{"line":405,"column":20}},"172":{"start":{"line":407,"column":12},"end":{"line":411,"column":20}},"173":{"start":{"line":413,"column":12},"end":{"line":416,"column":41}},"174":{"start":{"line":419,"column":10},"end":{"line":454,"column":10}},"175":{"start":{"line":428,"column":25},"end":{"line":428,"column":46}},"176":{"start":{"line":430,"column":12},"end":{"line":440,"column":15}},"177":{"start":{"line":432,"column":29},"end":{"line":432,"column":61}},"178":{"start":{"line":433,"column":25},"end":{"line":433,"column":57}},"179":{"start":{"line":435,"column":16},"end":{"line":439,"column":17}},"180":{"start":{"line":436,"column":20},"end":{"line":436,"column":77}},"181":{"start":{"line":438,"column":20},"end":{"line":438,"column":127}},"182":{"start":{"line":443,"column":12},"end":{"line":445,"column":15}},"183":{"start":{"line":444,"column":16},"end":{"line":444,"column":32}},"184":{"start":{"line":447,"column":12},"end":{"line":451,"column":29}},"185":{"start":{"line":454,"column":10},"end":{"line":461,"column":77}},"186":{"start":{"line":461,"column":99},"end":{"line":461,"column":129}},"187":{"start":{"line":462,"column":8},"end":{"line":462,"column":70}},"188":{"start":{"line":463,"column":8},"end":{"line":463,"column":68}},"189":{"start":{"line":463,"column":107},"end":{"line":463,"column":136}},"190":{"start":{"line":464,"column":28},"end":{"line":464,"column":93}},"191":{"start":{"line":464,"column":93},"end":{"line":464,"column":156}},"192":{"start":{"line":479,"column":31},"end":{"line":479,"column":41}},"193":{"start":{"line":479,"column":62},"end":{"line":479,"column":81}},"194":{"start":{"line":479,"column":96},"end":{"line":479,"column":115}},"195":{"start":{"line":479,"column":131},"end":{"line":479,"column":151}},"196":{"start":{"line":479,"column":165},"end":{"line":479,"column":183}},"197":{"start":{"line":479,"column":195},"end":{"line":479,"column":211}},"198":{"start":{"line":479,"column":222},"end":{"line":479,"column":237}},"199":{"start":{"line":479,"column":246},"end":{"line":479,"column":259}},"200":{"start":{"line":479,"column":267},"end":{"line":479,"column":279}},"201":{"start":{"line":479,
[...]
,"/Users/dwp/workspace/dwpComponents/react/src/table/components/Tbody.js": {"path":"/Users/dwp/workspace/dwpComponents/react/src/table/components/Tbody.js","statementMap":{"0":{"start":{"line":1,"column":13},"end":{"line":1,"column":75}},"1":{"start":{"line":1,"column":94},"end":{"line":1,"column":166}},"2":{"start":{"line":4,"column":13},"end":{"line":4,"column":29}},"3":{"start":{"line":4,"column":44},"end":{"line":4,"column":74}},"4":{"start":{"line":5,"column":0},"end":{"line":5,"column":24}},"5":{"start":{"line":5,"column":62},"end":{"line":5,"column":116}},"6":{"start":{"line":10,"column":8},"end":{"line":10,"column":78}},"7":{"start":{"line":14,"column":8},"end":{"line":14,"column":99}},"8":{"start":{"line":18,"column":8},"end":{"line":18,"column":78}},"9":{"start":{"line":22,"column":8},"end":{"line":22,"column":18}},"10":{"start":{"line":22,"column":35},"end":{"line":22,"column":49}},"11":{"start":{"line":22,"column":63},"end":{"line":22,"column":80}},"12":{"start":{"line":22,"column":92},"end":{"line":22,"column":107}},"13":{"start":{"line":22,"column":119},"end":{"line":22,"column":134}},"14":{"start":{"line":22,"column":147},"end":{"line":22,"column":163}},"15":{"start":{"line":24,"column":8},"end":{"line":50,"column":21}},"16":{"start":{"line":25,"column":92},"end":{"line":25,"column":110}},"17":{"start":{"line":29,"column":20},"end":{"line":46,"column":33}},"18":{"start":{"line":33,"column":32},"end":{"line":42,"column":57}},"19":{"start":{"line":54,"column":6},"end":{"line":57,"column":6}}},"fnMap":{"0":{"name":"_interopRequireDefault","decl":{"start":{"line":5,"column":33},"end":{"line":5,"column":55}},"loc":{"start":{"line":5,"column":61},"end":{"line":5,"column":117}},"line":5},"1":{"name":"(anonymous_1)","decl":{"start":{"line":9,"column":4},"end":{"line":9,"column":5}},"loc":{"start":{"line":9,"column":24},"end":{"line":11,"column":5}},"line":9},"2":{"name":"(anonymous_2)","decl":{"start":{"line":13,"column":4},"end":{"line":13,"column":5}},"loc":{"start":{"line":13,"column":37},"end":{"line":15,"column":5}},"line":13},"3":{"name":"(anonymous_3)","decl":{"start":{"line":17,"column":4},"end":{"line":17,"column":5}},"loc":{"start":{"line":17,"column":25},"end":{"line":19,"column":5}},"line":17},"4":{"name":"(anonymous_4)","decl":{"start":{"line":21,"column":4},"end":{"line":21,"column":5}},"loc":{"start":{"line":21,"column":13},"end":{"line":54,"column":5}},"line":21},"5":{"name":"(anonymous_5)","decl":{"start":{"line":25,"column":83},"end":{"line":25,"column":84}},"loc":{"start":{"line":25,"column":92},"end":{"line":25,"column":110}},"line":25},"6":{"name":"(anonymous_6)","decl":{"start":{"line":28,"column":31},"end":{"line":28,"column":32}},"loc":{"start":{"line":28,"column":44},"end":{"line":50,"column":17}},"line":28},"7":{"name":"(anonymous_7)","decl":{"start":{"line":32,"column":40},"end":{"line":32,"column":41}},"loc":{"start":{"line":32,"column":48},"end":{"line":46,"column":29}},"line":32}},"branchMap":{"0":{"loc":{"start":{"line":5,"column":69},"end":{"line":5,"column":115}},"type":"cond-expr","locations":[{"start":{"line":5,"column":93},"end":{"line":5,"column":96}},{"start":{"line":5,"column":99},"end":{"line":5,"column":115}}],"line":5},"1":{"loc":{"start":{"line":5,"column":69},"end":{"line":5,"column":90}},"type":"binary-expr","locations":[{"start":{"line":5,"column":69},"end":{"line":5,"column":72}},{"start":{"line":5,"column":76},"end":{"line":5,"column":90}}],"line":5},"2":{"loc":{"start":{"line":10,"column":8},"end":{"line":10,"column":77}},"type":"binary-expr","locations":[{"start":{"line":10,"column":8},"end":{"line":10,"column":30}},{"start":{"line":10,"column":34},"end":{"line":10,"column":77}}],"line":10},"3":{"loc":{"start":{"line":14,"column":15},"end":{"line":14,"column":98}},"type":"cond-expr","locations":[{"start":{"line":14,"column":86},"end":{"line":14,"column":90}},{"start":{"line":14,"column":93},"end":{"line":14,"column":98}}],"line":14},"4":{"loc":{"start":{"line":14,"column":15},"end":{"line":14,"column":83}},"type":"binary-expr","locations":[{"start":{"line":14,"column":15},"end":{"line":14,"column":33}},{"start":{"line":14,"column":37},"end":{"line":14,"column":83}}],"line":14},"5":{"loc":{"start":{"line":18,"column":8},"end":{"line":18,"column":77}},"type":"binary-expr","locations":[{"start":{"line":18,"column":8},"end":{"line":18,"column":30}},{"start":{"line":18,"column":34},"end":{"line":18,"column":77}}],"line":18},"6":{"loc":{"start":{"line":27,"column":16},"end":{"line":50,"column":18}},"type":"binary-expr","locations":[{"start":{"line":27,"column":16},"end":{"line":27,"column":39}},{"start":{"line":28,"column":16},"end":{"line":50,"column":18}}],"line":27},"7":{"loc":{"start":{"line":30,"column":94},"end":{"line":30,"column":121}},"type":"cond-expr","locations":[{"start":{"line":30,"column":105},"end":{"line":30,"column":116}},{"start":{"line":30,"column":119},"end":{"line":30,"column":121}}],"line":30},"8":{"loc":{"start":{"line":36,"column":55},"end":{"line":36,"column":91}},"type":"cond-expr","locations":[{"start":{"line":36,"column":72},"end":{"line":36,"column":86}},{"start":{"line":36,"column":89},"end":{"line":36,"column":91}}],"line":36},"9":{"loc":{"start":{"line":37,"column":65},"end":{"line":37,"column":107}},"type":"binary-expr","locations":[{"start":{"line":37,"column":65},"end":{"line":37,"column":74}},{"start":{"line":37,"column":78},"end":{"line":37,"column":88}},{"start":{"line":37,"column":92},"end":{"line":37,"column":102}},{"start":{"line":37,"column":106},"end":{"line":37,"column":107}}],"line":37},"10":{"loc":{"start":{"line":40,"column":40},"end":{"line":42,"column":54}},"type":"cond-expr","locations":[{"start":{"line":41,"column":40},"end":{"line":41,"column":57}},{"start":{"line":42,"column":40},"end":{"line":42,"column":54}}],"line":40}},"s":{"0":0,"1":0,"2":0,"3":0,"4":0,"5":0,"6":0,"7":0,"8":0,"9":0,"10":0,"11":0,"12":0,"13":0,"14":0,"15":0,"16":0,"17":0,"18":0,"19":0},"f":{"0":0,"1":0,"2":0,"3":0,"4":0,"5":0,"6":0,"7":0},"b":{"0":[0,0],"1":[0,0],"2":[0,0],"3":[0,0],"4":[0,0],"5":[0,0],"6":[0,0],"7":[0,0],"8":[0,0],"9":[0,0,0,0],"10":[0,0]}}
,"/Users/dwp/workspace/dwpComponents/react/src/table/components/Thead.js": {"path":"/Users/dwp/workspace/dwpComponents/react/src/table/components/Thead.js","statementMap":{"0":{"start":{"line":1,"column":13},"end":{"line":1,"column":75}},"1":{"start":{"line":1,"column":94},"end":{"line":1,"column":166}},"2":{"start":{"line":4,"column":13},"end":{"line":4,"column":29}},"3":{"start":{"line":4,"column":44},"end":{"line":4,"column":74}},"4":{"start":{"line":5,"column":12},"end":{"line":5,"column":38}},"5":{"start":{"line":5,"column":52},"end":{"line":5,"column":81}},"6":{"start":{"line":6,"column":0},"end":{"line":6,"column":24}},"7":{"start":{"line":6,"column":62},"end":{"line":6,"column":116}},"8":{"start":{"line":10,"column":8},"end":{"line":10,"column":78}},"9":{"start":{"line":14,"column":8},"end":{"line":14,"column":18}},"10":{"start":{"line":14,"column":35},"end":{"line":14,"column":49}},"11":{"start":{"line":14,"column":61},"end":{"line":14,"column":76}},"12":{"start":{"line":14,"column":84},"end":{"line":14,"column":95}},"13":{"start":{"line":14,"column":108},"end":{"line":14,"column":124}},"14":{"start":{"line":14,"column":142},"end":{"line":14,"column":163}},"15":{"start":{"line":14,"column":173},"end":{"line":14,"column":186}},"16":{"start":{"line":16,"column":8},"end":{"line":56,"column":26}},"17":{"start":{"line":17,"column":92},"end":{"line":17,"column":110}},"18":{"start":{"line":21,"column":24},"end":{"line":51,"column":155}},"19":{"start":{"line":38,"column":55},"end":{"line":38,"column":77}},"20":{"start":{"line":43,"column":55},"end":{"line":43,"column":79}},"21":{"start":{"line":51,"column":54},"end":{"line":51,"column":81}},"22":{"start":{"line":61,"column":6},"end":{"line":64,"column":6}}},"fnMap":{"0":{"name":"_interopRequireDefault","decl":{"start":{"line":6,"column":33},"end":{"line":6,"column":55}},"loc":{"start":{"line":6,"column":61},"end":{"line":6,"column":117}},"line":6},"1":{"name":"(anonymous_1)","decl":{"start":{"line":9,"column":4},"end":{"line":9,"column":5}},"loc":{"start":{"line":9,"column":24},"end":{"line":11,"column":5}},"line":9},"2":{"name":"(anonymous_2)","decl":{"start":{"line":13,"column":4},"end":{"line":13,"column":5}},"loc":{"start":{"line":13,"column":13},"end":{"line":61,"column":5}},"line":13},"3":{"name":"(anonymous_3)","decl":{"start":{"line":17,"column":83},"end":{"line":17,"column":84}},"loc":{"start":{"line":17,"column":92},"end":{"line":17,"column":110}},"line":17},"4":{"name":"(anonymous_4)","decl":{"start":{"line":20,"column":32},"end":{"line":20,"column":33}},"loc":{"start":{"line":20,"column":40},"end":{"line":56,"column":21}},"line":20},"5":{"name":"(anonymous_5)","decl":{"start":{"line":38,"column":49},"end":{"line":38,"column":50}},"loc":{"start":{"line":38,"column":55},"end":{"line":38,"column":77}},"line":38},"6":{"name":"(anonymous_6)","decl":{"start":{"line":43,"column":49},"end":{"line":43,"column":50}},"loc":{"start":{"line":43,"column":55},"end":{"line":43,"column":79}},"line":43},"7":{"name":"(anonymous_7)","decl":{"start":{"line":51,"column":49},"end":{"line":51,"column":50}},"loc":{"start":{"line":51,"column":54},"end":{"line":51,"column":81}},"line":51}},"branchMap":{"0":{"loc":{"start":{"line":6,"column":69},"end":{"line":6,"column":115}},"type":"cond-expr","locations":[{"start":{"line":6,"column":93},"end":{"line":6,"column":96}},{"start":{"line":6,"column":99},"end":{"line":6,"column":115}}],"line":6},"1":{"loc":{"start":{"line":6,"column":69},"end":{"line":6,"column":90}},"type":"binary-expr","locations":[{"start":{"line":6,"column":69},"end":{"line":6,"column":72}},{"start":{"line":6,"column":76},"end":{"line":6,"column":90}}],"line":6},"2":{"loc":{"start":{"line":10,"column":8},"end":{"line":10,"column":77}},"type":"binary-expr","locations":[{"start":{"line":10,"column":8},"end":{"line":10,"column":30}},{"start":{"line":10,"column":34},"end":{"line":10,"column":77}}],"line":10},"3":{"loc":{"start":{"line":24,"column":47},"end":{"line":24,"column":83}},"type":"cond-expr","locations":[{"start":{"line":24,"column":64},"end":{"line":24,"column":78}},{"start":{"line":24,"column":81},"end":{"line":24,"column":83}}],"line":24},"4":{"loc":{"start":{"line":25,"column":57},"end":{"line":25,"column":99}},"type":"binary-expr","locations":[{"start":{"line":25,"column":57},"end":{"line":25,"column":66}},{"start":{"line":25,"column":70},"end":{"line":25,"column":80}},{"start":{"line":25,"column":84},"end":{"line":25,"column":94}},{"start":{"line":25,"column":98},"end":{"line":25,"column":99}}],"line":25},"5":{"loc":{"start":{"line":28,"column":32},"end":{"line":28,"column":92}},"type":"cond-expr","locations":[{"start":{"line":28,"column":67},"end":{"line":28,"column":79}},{"start":{"line":28,"column":82},"end":{"line":28,"column":92}}],"line":28},"6":{"loc":{"start":{"line":31,"column":32},"end":{"line":43,"column":151}},"type":"binary-expr","locations":[{"start":{"line":31,"column":32},"end":{"line":31,"column":41}},{"start":{"line":32,"column":32},"end":{"line":43,"column":151}}],"line":31},"7":{"loc":{"start":{"line":33,"column":69},"end":{"line":33,"column":112}},"type":"cond-expr","locations":[{"start":{"line":33,"column":93},"end":{"line":33,"column":107}},{"start":{"line":33,"column":110},"end":{"line":33,"column":112}}],"line":33},"8":{"loc":{"start":{"line":37,"column":66},"end":{"line":37,"column":131}},"type":"cond-expr","locations":[{"start":{"line":37,"column":112},"end":{"line":37,"column":126}},{"start":{"line":37,"column":129},"end":{"line":37,"column":131}}],"line":37},"9":{"loc":{"start":{"line":37,"column":66},"end":{"line":37,"column":109}},"type":"binary-expr","locations":[{"start":{"line":37,"column":66},"end":{"line":37,"column":87}},{"start":{"line":37,"column":91},"end":{"line":37,"column":109}}],"line":37},"10":{"loc":{"start":{"line":42,"column":68},"end":{"line":42,"column":135}},"type":"cond-expr","locations":[{"start":{"line":42,"column":116},"end":{"line":42,"column":130}},{"start":{"line":42,"column":133},"end":{"line":42,"column":135}}],"line":42},"11":{"loc":{"start":{"line":42,"column":68},"end":{"line":42,"column":113}},"type":"binary-expr","locations":[{"start":{"line":42,"column":68},"end":{"line":42,"column":89}},{"start":{"line":42,"column":93},"end":{"line":42,"column":113}}],"line":42},"12":{"loc":{"start":{"line":48,"column":32},"end":{"line":51,"column":152}},"type":"binary-expr","locations":[{"start":{"line":48,"column":32},"end":{"line":48,"column":44}},{"start":{"line":49,"column":32},"end":{"line":51,"column":152}}],"line":48}},"s":{"0":0,"1":0,"2":0,"3":0,"4":0,"5":0,"6":0,"7":0,"8":0,"9":0,"10":0,"11":0,"12":0,"13":0,"14":0,"15":0,"16":0,"17":0,"18":0,"19":0,"20":0,"21":0,"22":0},"f":{"0":0,"1":0,"2":0,"3":0,"4":0,"5":0,"6":0,"7":0},"b":{"0":[0,0],"1":[0,0],"2":[0,0],"3":[0,0],"4":[0,0,0,0],"5":[0,0],"6":[0,0],"7":[0,0],"8":[0,0],"9":[0,0],"10":[0,0],"11":[0,0],"12":[0,0]}}
,"/Users/dwp/workspace/dwpComponents/react/src/table/hoc/GetTrHeight.js": {"path":"/Users/dwp/workspace/dwpComponents/react/src/table/hoc/GetTrHeight.js","statementMap":{"0":{"start":{"line":1,"column":13},"end":{"line":1,"column":75}},"1":{"start":{"line":1,"column":94},"end":{"line":1,"column":165}},"2":{"start":{"line":4,"column":13},"end":{"line":4,"column":29}},"3":{"start":{"line":4,"column":44},"end":{"line":4,"column":74}},"4":{"start":{"line":5,"column":11},"end":{"line":5,"column":38}},"5":{"start":{"line":5,"column":77},"end":{"line":5,"column":131}},"6":{"start":{"line":7,"column":20},"end":{"line":32,"column":12}},"7":{"start":{"line":7,"column":41},"end":{"line":32,"column":11}},"8":{"start":{"line":10,"column":12},"end":{"line":10,"column":20}},"9":{"start":{"line":10,"column":20},"end":{"line":23,"column":14}},"10":{"start":{"line":14,"column":30},"end":{"line":14,"column":32}},"11":{"start":{"line":15,"column":16},"end":{"line":21,"column":17}},"12":{"start":{"line":16,"column":34},"end":{"line":16,"column":50}},"13":{"start":{"line":18,"column":20},"end":{"line":20,"column":21}},"14":{"start":{"line":19,"column":24},"end":{"line":19,"column":74}},"15":{"start":{"line":22,"column":16},"end":{"line":22,"column":80}},"16":{"start":{"line":26,"column":12},"end":{"line":29,"column":127}},"17":{"start":{"line":32,"column":13},"end":{"line":35,"column":12}}},"fnMap":{"0":{"name":"_interopRequireDefault","decl":{"start":{"line":5,"column":48},"end":{"line":5,"column":70}},"loc":{"start":{"line":5,"column":76},"end":{"line":5,"column":132}},"line":5},"1":{"name":"(anonymous_1)","decl":{"start":{"line":7,"column":20},"end":{"line":7,"column":21}},"loc":{"start":{"line":7,"column":40},"end":{"line":32,"column":12}},"line":7},"2":{"name":"(anonymous_2)","decl":{"start":{"line":9,"column":8},"end":{"line":9,"column":9}},"loc":{"start":{"line":9,"column":22},"end":{"line":23,"column":15}},"line":9},"3":{"name":"(anonymous_3)","decl":{"start":{"line":13,"column":30},"end":{"line":13,"column":31}},"loc":{"start":{"line":13,"column":46},"end":{"line":23,"column":13}},"line":13},"4":{"name":"(anonymous_4)","decl":{"start":{"line":25,"column":8},"end":{"line":25,"column":9}},"loc":{"start":{"line":25,"column":17},"end":{"line":32,"column":9}},"line":25}},"branchMap":{"0":{"loc":{"start":{"line":5,"column":84},"end":{"line":5,"column":130}},"type":"cond-expr","locations":[{"start":{"line":5,"column":108},"end":{"line":5,"column":111}},{"start":{"line":5,"column":114},"end":{"line":5,"column":130}}],"line":5},"1":{"loc":{"start":{"line":5,"column":84},"end":{"line":5,"column":105}},"type":"binary-expr","locations":[{"start":{"line":5,"column":84},"end":{"line":5,"column":87}},{"start":{"line":5,"column":91},"end":{"line":5,"column":105}}],"line":5},"2":{"loc":{"start":{"line":18,"column":20},"end":{"line":20,"column":21}},"type":"if","locations":[{"start":{"line":18,"column":20},"end":{"line":20,"column":21}},{"start":{"line":18,"column":20},"end":{"line":20,"column":21}}],"line":18},"3":{"loc":{"start":{"line":18,"column":24},"end":{"line":18,"column":56}},"type":"binary-expr","locations":[{"start":{"line":18,"column":24},"end":{"line":18,"column":29}},{"start":{"line":18,"column":33},"end":{"line":18,"column":56}}],"line":18},"4":{"loc":{"start":{"line":22,"column":16},"end":{"line":22,"column":79}},"type":"binary-expr","locations":[{"start":{"line":22,"column":16},"end":{"line":22,"column":38}},{"start":{"line":22,"column":42},"end":{"line":22,"column":79}}],"line":22}},"s":{"0":0,"1":0,"2":0,"3":0,"4":0,"5":0,"6":0,"7":0,"8":0,"9":0,"10":0,"11":0,"12":0,"13":0,"14":0,"15":0,"16":0,"17":0},"f":{"0":0,"1":0,"2":0,"3":0,"4":0},"b":{"0":[0,0],"1":[0,0],"2":[0,0],"3":[0,0],"4":[0,0]}}
,"/Users/dwp/workspace/dwpComponents/react/src/table/hoc/TbodyHoc.js": {"path":"/Users/dwp/workspace/dwpComponents/react/src/table/hoc/TbodyHoc.js","statementMap":{"0":{"start":{"line":1,"column":13},"end":{"line":1,"column":75}},"1":{"start":{"line":4,"column":19},"end":{"line":4,"column":43}},"2":{"start":{"line":4,"column":64},"end":{"line":4,"column":100}},"3":{"start":{"line":5,"column":13},"end":{"line":5,"column":43}},"4":{"start":{"line":5,"column":58},"end":{"line":5,"column":88}},"5":{"start":{"line":5,"column":127},"end":{"line":5,"column":181}},"6":{"start":{"line":7,"column":186},"end":{"line":7,"column":248}}},"fnMap":{"0":{"name":"_interopRequireDefault","decl":{"start":{"line":5,"column":98},"end":{"line":5,"column":120}},"loc":{"start":{"line":5,"column":126},"end":{"line":5,"column":182}},"line":5}},"branchMap":{"0":{"loc":{"start":{"line":5,"column":134},"end":{"line":5,"column":180}},"type":"cond-expr","locations":[{"start":{"line":5,"column":158},"end":{"line":5,"column":161}},{"start":{"line":5,"column":164},"end":{"line":5,"column":180}}],"line":5},"1":{"loc":{"start":{"line":5,"column":134},"end":{"line":5,"column":155}},"type":"binary-expr","locations":[{"start":{"line":5,"column":134},"end":{"line":5,"column":137}},{"start":{"line":5,"column":141},"end":{"line":5,"column":155}}],"line":5}},"s":{"0":0,"1":0,"2":0,"3":0,"4":0,"5":0,"6":0},"f":{"0":0},"b":{"0":[0,0],"1":[0,0]}}
,"/Users/dwp/workspace/dwpComponents/react/src/table/hoc/TheadHoc.js": {"path":"/Users/dwp/workspace/dwpComponents/react/src/table/hoc/TheadHoc.js","statementMap":{"0":{"start":{"line":1,"column":13},"end":{"line":1,"column":75}},"1":{"start":{"line":4,"column":19},"end":{"line":4,"column":43}},"2":{"start":{"line":4,"column":64},"end":{"line":4,"column":100}},"3":{"start":{"line":5,"column":13},"end":{"line":5,"column":43}},"4":{"start":{"line":5,"column":58},"end":{"line":5,"column":88}},"5":{"start":{"line":5,"column":127},"end":{"line":5,"column":181}},"6":{"start":{"line":7,"column":186},"end":{"line":7,"column":248}}},"fnMap":{"0":{"name":"_interopRequireDefault","decl":{"start":{"line":5,"column":98},"end":{"line":5,"column":120}},"loc":{"start":{"line":5,"column":126},"end":{"line":5,"column":182}},"line":5}},"branchMap":{"0":{"loc":{"start":{"line":5,"column":134},"end":{"line":5,"column":180}},"type":"cond-expr","locations":[{"start":{"line":5,"column":158},"end":{"line":5,"column":161}},{"start":{"line":5,"column":164},"end":{"line":5,"column":180}}],"line":5},"1":{"loc":{"start":{"line":5,"column":134},"end":{"line":5,"column":155}},"type":"binary-expr","locations":[{"start":{"line":5,"column":134},"end":{"line":5,"column":137}},{"start":{"line":5,"column":141},"end":{"line":5,"column":155}}],"line":5}},"s":{"0":0,"1":0,"2":0,"3":0,"4":0,"5":0,"6":0},"f":{"0":0},"b":{"0":[0,0],"1":[0,0]}}
}
