TN:
SF:/Users/dwp/workspace/dwpComponents/react/src/App.js
FN:2,_interopRequireDefault
FN:13,(anonymous_1)
FN:98,(anonymous_2)
FN:106,(anonymous_3)
FN:107,(anonymous_4)
FN:118,(anonymous_5)
FN:122,(anonymous_6)
FN:125,(anonymous_7)
FNF:8
FNH:0
FNDA:0,_interopRequireDefault
FNDA:0,(anonymous_1)
FNDA:0,(anonymous_2)
FNDA:0,(anonymous_3)
FNDA:0,(anonymous_4)
FNDA:0,(anonymous_5)
FNDA:0,(anonymous_6)
FNDA:0,(anonymous_7)
DA:1,0
DA:2,0
DA:4,0
DA:14,0
DA:30,0
DA:99,0
DA:100,0
DA:107,0
DA:108,0
DA:113,0
DA:119,0
DA:121,0
DA:123,0
DA:126,0
DA:130,0
DA:136,0
DA:149,0
LF:17
LH:0
BRDA:2,0,0,0
BRDA:2,0,1,0
BRDA:2,1,0,0
BRDA:2,1,1,0
BRDA:20,2,0,0
BRDA:20,2,1,0
BRF:6
BRH:0
end_of_record
TN:
SF:/Users/dwp/workspace/dwpComponents/react/src/index.js
FN:4,_interopRequireDefault
FNF:1
FNH:0
FNDA:0,_interopRequireDefault
DA:1,0
DA:2,0
DA:3,0
DA:4,0
DA:6,0
LF:5
LH:0
BRDA:4,0,0,0
BRDA:4,0,1,0
BRDA:4,1,0,0
BRDA:4,1,1,0
BRF:4
BRH:0
end_of_record
TN:
SF:/Users/dwp/workspace/dwpComponents/react/src/setupTests.js
FNF:0
FNH:0
DA:7,2
LF:1
LH:1
BRF:0
BRH:0
end_of_record
TN:
SF:/Users/dwp/workspace/dwpComponents/react/src/common/Dom.js
FN:4,_interopRequireDefault
FN:13,(anonymous_1)
FN:33,(anonymous_2)
FN:47,(anonymous_3)
FNF:4
FNH:0
FNDA:0,_interopRequireDefault
FNDA:0,(anonymous_1)
FNDA:0,(anonymous_2)
FNDA:0,(anonymous_3)
DA:1,0
DA:4,0
DA:13,0
DA:15,0
DA:16,0
DA:20,0
DA:21,0
DA:22,0
DA:23,0
DA:26,0
DA:33,0
DA:34,0
DA:36,0
DA:37,0
DA:38,0
DA:39,0
DA:41,0
DA:47,0
DA:48,0
DA:49,0
DA:50,0
DA:51,0
DA:53,0
DA:54,0
DA:55,0
DA:56,0
DA:57,0
DA:60,0
DA:62,0
DA:63,0
DA:65,0
LF:31
LH:0
BRDA:4,0,0,0
BRDA:4,0,1,0
BRDA:4,1,0,0
BRDA:4,1,1,0
BRDA:15,2,0,0
BRDA:15,2,1,0
BRDA:20,3,0,0
BRDA:20,3,1,0
BRDA:22,4,0,0
BRDA:22,4,1,0
BRDA:53,5,0,0
BRDA:53,5,1,0
BRDA:53,5,2,0
BRDA:55,6,0,0
BRDA:55,6,1,0
BRDA:57,7,0,0
BRDA:57,7,1,0
BRDA:60,8,0,0
BRDA:60,8,1,0
BRF:19
BRH:0
end_of_record
TN:
SF:/Users/dwp/workspace/dwpComponents/react/src/icon/Icon.js
FN:9,(anonymous_0)
FNF:1
FNH:1
FNDA:3,(anonymous_0)
DA:10,3
DA:11,3
DA:16,3
LF:3
LH:3
BRF:0
BRH:0
end_of_record
TN:
SF:/Users/dwp/workspace/dwpComponents/react/src/pagination/Index.js
FN:5,_interopRequireDefault
FN:8,(anonymous_1)
FNF:2
FNH:0
FNDA:0,_interopRequireDefault
FNDA:0,(anonymous_1)
DA:1,0
DA:4,0
DA:5,0
DA:9,0
DA:15,0
DA:18,0
LF:6
LH:0
BRDA:5,0,0,0
BRDA:5,0,1,0
BRDA:5,1,0,0
BRDA:5,1,1,0
BRF:4
BRH:0
end_of_record
TN:
SF:/Users/dwp/workspace/dwpComponents/react/src/pagination/Pagination.js
FN:18,(anonymous_0)
FN:27,(anonymous_1)
FN:31,(anonymous_2)
FN:35,(anonymous_3)
FN:43,(anonymous_4)
FN:66,(anonymous_5)
FN:78,(anonymous_6)
FN:89,(anonymous_7)
FN:98,(anonymous_8)
FN:113,(anonymous_9)
FN:122,(anonymous_10)
FN:132,(anonymous_11)
FN:141,(anonymous_12)
FNF:13
FNH:13
FNDA:1,(anonymous_0)
FNDA:1,(anonymous_1)
FNDA:8,(anonymous_2)
FNDA:9,(anonymous_3)
FNDA:14,(anonymous_4)
FNDA:1,(anonymous_5)
FNDA:1,(anonymous_6)
FNDA:1,(anonymous_7)
FNDA:1,(anonymous_8)
FNDA:3,(anonymous_9)
FNDA:1,(anonymous_10)
FNDA:1,(anonymous_11)
FNDA:15,(anonymous_12)
DA:19,1
DA:20,1
DA:28,1
DA:32,8
DA:36,9
DA:37,9
DA:44,14
DA:46,14
DA:47,14
DA:49,14
DA:55,14
DA:62,14
DA:66,1
DA:72,14
DA:75,14
DA:76,46
DA:77,46
DA:78,1
DA:82,14
DA:86,14
DA:89,1
DA:94,14
DA:99,1
DA:100,1
DA:101,1
DA:103,1
DA:104,7
DA:107,1
DA:114,3
DA:115,3
DA:116,3
DA:123,1
DA:125,1
DA:126,1
DA:133,1
DA:135,1
DA:136,1
DA:142,15
DA:143,15
DA:146,15
DA:148,15
DA:149,1
DA:152,14
DA:175,1
LF:44
LH:44
BRDA:49,0,0,13
BRDA:49,0,1,1
BRDA:49,1,0,14
BRDA:49,1,1,3
BRDA:51,2,0,0
BRDA:51,2,1,1
BRDA:55,3,0,11
BRDA:55,3,1,3
BRDA:57,4,0,2
BRDA:57,4,1,1
BRDA:62,5,0,14
BRDA:62,5,1,14
BRDA:67,6,0,9
BRDA:67,6,1,5
BRDA:72,7,0,14
BRDA:72,7,1,1
BRDA:76,8,0,4
BRDA:76,8,1,42
BRDA:77,9,0,46
BRDA:77,9,1,45
BRDA:82,10,0,14
BRDA:82,10,1,2
BRDA:90,11,0,1
BRDA:90,11,1,13
BRDA:115,12,0,3
BRDA:115,12,1,3
BRDA:125,13,0,1
BRDA:125,13,1,1
BRDA:135,14,0,1
BRDA:135,14,1,1
BRDA:148,15,0,1
BRDA:148,15,1,14
BRDA:153,16,0,0
BRDA:153,16,1,14
BRDA:155,17,0,14
BRDA:155,17,1,5
BRDA:160,18,0,14
BRDA:160,18,1,13
BRDA:164,19,0,14
BRDA:164,19,1,1
BRF:40
BRH:38
end_of_record
TN:
SF:/Users/dwp/workspace/dwpComponents/react/src/scrollBar/ScrollBar.js
FN:13,_interopRequireDefault
FN:16,(anonymous_1)
FNF:2
FNH:0
FNDA:0,_interopRequireDefault
FNDA:0,(anonymous_1)
DA:1,0
DA:11,0
DA:12,0
DA:13,0
DA:17,0
DA:18,0
DA:27,0
LF:7
LH:0
BRDA:13,0,0,0
BRDA:13,0,1,0
BRDA:13,1,0,0
BRDA:13,1,1,0
BRF:4
BRH:0
end_of_record
TN:
SF:/Users/dwp/workspace/dwpComponents/react/src/scrollBar/ScrollBarHoc.js
FN:5,_interopRequireDefault
FN:7,(anonymous_1)
FN:9,(anonymous_2)
FN:85,(anonymous_3)
FN:115,(anonymous_4)
FN:125,(anonymous_5)
FN:125,(anonymous_6)
FN:127,(anonymous_7)
FN:127,(anonymous_8)
FN:128,(anonymous_9)
FNF:10
FNH:0
FNDA:0,_interopRequireDefault
FNDA:0,(anonymous_1)
FNDA:0,(anonymous_2)
FNDA:0,(anonymous_3)
FNDA:0,(anonymous_4)
FNDA:0,(anonymous_5)
FNDA:0,(anonymous_6)
FNDA:0,(anonymous_7)
FNDA:0,(anonymous_8)
FNDA:0,(anonymous_9)
DA:1,0
DA:4,0
DA:5,0
DA:7,0
DA:10,0
DA:86,0
DA:87,0
DA:88,0
DA:90,0
DA:92,0
DA:94,0
DA:98,0
DA:100,0
DA:104,0
DA:106,0
DA:109,0
DA:112,0
DA:116,0
DA:118,0
DA:125,0
DA:126,0
DA:127,0
DA:128,0
DA:129,0
DA:137,0
DA:140,0
LF:26
LH:0
BRDA:5,0,0,0
BRDA:5,0,1,0
BRDA:5,1,0,0
BRDA:5,1,1,0
BRDA:87,2,0,0
BRDA:87,2,1,0
BRDA:92,3,0,0
BRDA:92,3,1,0
BRDA:92,3,2,0
BRDA:122,4,0,0
BRDA:122,4,1,0
BRDA:125,5,0,0
BRDA:125,5,1,0
BRDA:125,6,0,0
BRDA:125,6,1,0
BRDA:126,7,0,0
BRDA:126,7,1,0
BRDA:126,8,0,0
BRDA:126,8,1,0
BRDA:127,9,0,0
BRDA:127,9,1,0
BRDA:127,10,0,0
BRDA:127,10,1,0
BRDA:127,11,0,0
BRDA:127,11,1,0
BRDA:127,12,0,0
BRDA:127,12,1,0
BRDA:127,13,0,0
BRDA:127,13,1,0
BRDA:127,14,0,0
BRDA:127,14,1,0
BRF:31
BRH:0
end_of_record
TN:
SF:/Users/dwp/workspace/dwpComponents/react/src/select/Index.js
FN:13,_interopRequireDefault
FN:16,(anonymous_1)
FNF:2
FNH:0
FNDA:0,_interopRequireDefault
FNDA:0,(anonymous_1)
DA:1,0
DA:12,0
DA:13,0
DA:17,0
DA:28,0
LF:5
LH:0
BRDA:13,0,0,0
BRDA:13,0,1,0
BRDA:13,1,0,0
BRDA:13,1,1,0
BRF:4
BRH:0
end_of_record
TN:
SF:/Users/dwp/workspace/dwpComponents/react/src/select/SearchInput.js
FN:12,(anonymous_0)
FNF:1
FNH:0
FNDA:0,(anonymous_0)
DA:14,0
DA:15,0
DA:19,0
LF:3
LH:0
BRF:0
BRH:0
end_of_record
TN:
SF:/Users/dwp/workspace/dwpComponents/react/src/select/Select.js
FN:14,getDisplayName
FN:19,(anonymous_1)
FN:19,(anonymous_2)
FN:25,(anonymous_3)
FN:29,(anonymous_4)
FN:33,(anonymous_5)
FN:40,(anonymous_6)
FN:50,(anonymous_7)
FN:64,(anonymous_8)
FN:67,(anonymous_9)
FN:72,(anonymous_10)
FN:77,(anonymous_11)
FN:87,(anonymous_12)
FN:96,(anonymous_13)
FN:100,(anonymous_14)
FN:109,(anonymous_15)
FN:116,(anonymous_16)
FN:128,(anonymous_17)
FN:129,(anonymous_18)
FN:137,(anonymous_19)
FN:151,(anonymous_20)
FN:155,(anonymous_21)
FN:162,(anonymous_22)
FN:170,(anonymous_23)
FN:176,(anonymous_24)
FN:185,(anonymous_25)
FN:189,(anonymous_26)
FN:198,(anonymous_27)
FN:206,(anonymous_28)
FN:216,(anonymous_29)
FN:238,(anonymous_30)
FNF:31
FNH:21
FNDA:5,getDisplayName
FNDA:1,(anonymous_1)
FNDA:1,(anonymous_2)
FNDA:4,(anonymous_3)
FNDA:1,(anonymous_4)
FNDA:1,(anonymous_5)
FNDA:1,(anonymous_6)
FNDA:0,(anonymous_7)
FNDA:0,(anonymous_8)
FNDA:0,(anonymous_9)
FNDA:0,(anonymous_10)
FNDA:7,(anonymous_11)
FNDA:2,(anonymous_12)
FNDA:1,(anonymous_13)
FNDA:1,(anonymous_14)
FNDA:0,(anonymous_15)
FNDA:0,(anonymous_16)
FNDA:0,(anonymous_17)
FNDA:0,(anonymous_18)
FNDA:2,(anonymous_19)
FNDA:1,(anonymous_20)
FNDA:1,(anonymous_21)
FNDA:1,(anonymous_22)
FNDA:0,(anonymous_23)
FNDA:2,(anonymous_24)
FNDA:2,(anonymous_25)
FNDA:3,(anonymous_26)
FNDA:0,(anonymous_27)
FNDA:4,(anonymous_28)
FNDA:2,(anonymous_29)
FNDA:1,(anonymous_30)
DA:15,5
DA:19,1
DA:20,1
DA:21,0
DA:23,1
DA:25,4
DA:29,1
DA:30,1
DA:34,1
DA:35,1
DA:41,1
DA:43,1
DA:46,1
DA:47,1
DA:48,1
DA:50,0
DA:51,0
DA:52,0
DA:56,1
DA:62,1
DA:63,0
DA:65,0
DA:68,0
DA:73,0
DA:76,1
DA:77,1
DA:78,7
DA:81,1
DA:88,2
DA:96,1
DA:97,1
DA:101,1
DA:103,1
DA:110,0
DA:111,0
DA:112,0
DA:113,0
DA:116,0
DA:117,0
DA:122,0
DA:129,0
DA:130,0
DA:132,0
DA:138,2
DA:151,1
DA:152,1
DA:156,1
DA:157,1
DA:163,1
DA:164,1
DA:171,0
DA:177,2
DA:185,1
DA:186,2
DA:190,3
DA:192,3
DA:199,0
DA:203,0
DA:208,4
DA:217,2
DA:235,1
DA:239,1
LF:62
LH:41
BRDA:15,0,0,5
BRDA:15,0,1,1
BRDA:15,0,2,0
BRDA:20,1,0,0
BRDA:20,1,1,1
BRDA:46,2,0,1
BRDA:46,2,1,0
BRDA:51,3,0,0
BRDA:51,3,1,0
BRDA:62,4,0,0
BRDA:62,4,1,1
BRDA:112,5,0,0
BRDA:112,5,1,0
BRDA:116,6,0,0
BRDA:116,6,1,0
BRDA:117,7,0,0
BRDA:117,7,1,0
BRDA:117,8,0,0
BRDA:117,8,1,0
BRDA:129,9,0,0
BRDA:129,9,1,0
BRDA:165,10,0,1
BRDA:165,10,1,1
BRDA:222,11,0,2
BRDA:222,11,1,0
BRDA:222,11,2,0
BRDA:226,12,0,2
BRDA:226,12,1,0
BRF:28
BRH:9
end_of_record
TN:
SF:/Users/dwp/workspace/dwpComponents/react/src/select/SelectInput.js
FN:10,(anonymous_0)
FNF:1
FNH:1
FNDA:2,(anonymous_0)
DA:12,2
DA:13,2
DA:14,2
DA:15,2
DA:17,2
LF:5
LH:5
BRDA:13,0,0,0
BRDA:13,0,1,2
BRDA:14,1,0,0
BRDA:14,1,1,2
BRDA:14,2,0,2
BRDA:14,2,1,1
BRDA:15,3,0,0
BRDA:15,3,1,2
BRF:8
BRH:5
end_of_record
TN:
SF:/Users/dwp/workspace/dwpComponents/react/src/select/SelectList.js
FN:10,(anonymous_0)
FN:23,(anonymous_1)
FNF:2
FNH:0
FNDA:0,(anonymous_0)
FNDA:0,(anonymous_1)
DA:11,0
DA:12,0
DA:13,0
DA:17,0
DA:24,0
DA:25,0
DA:26,0
DA:28,0
LF:8
LH:0
BRDA:12,0,0,0
BRDA:12,0,1,0
BRDA:23,1,0,0
BRDA:23,1,1,0
BRDA:24,2,0,0
BRDA:24,2,1,0
BRDA:29,3,0,0
BRDA:29,3,1,0
BRDA:29,4,0,0
BRDA:29,4,1,0
BRF:10
BRH:0
end_of_record
TN:
SF:/Users/dwp/workspace/dwpComponents/react/src/table/Index.js
FN:2,_interopRequireDefault
FN:13,(anonymous_1)
FN:93,(anonymous_2)
FN:101,(anonymous_3)
FN:102,(anonymous_4)
FN:113,(anonymous_5)
FN:117,(anonymous_6)
FN:120,(anonymous_7)
FNF:8
FNH:0
FNDA:0,_interopRequireDefault
FNDA:0,(anonymous_1)
FNDA:0,(anonymous_2)
FNDA:0,(anonymous_3)
FNDA:0,(anonymous_4)
FNDA:0,(anonymous_5)
FNDA:0,(anonymous_6)
FNDA:0,(anonymous_7)
DA:1,0
DA:2,0
DA:4,0
DA:14,0
DA:25,0
DA:94,0
DA:95,0
DA:102,0
DA:103,0
DA:108,0
DA:114,0
DA:116,0
DA:118,0
DA:121,0
DA:125,0
DA:138,0
LF:16
LH:0
BRDA:2,0,0,0
BRDA:2,0,1,0
BRDA:2,1,0,0
BRDA:2,1,1,0
BRF:4
BRH:0
end_of_record
TN:
SF:/Users/dwp/workspace/dwpComponents/react/src/table/Table.js
FN:10,_interopRequireDefault
FN:13,getDisplayName
FN:18,(anonymous_2)
FN:18,(anonymous_3)
FN:24,(anonymous_4)
FN:27,(anonymous_5)
FN:30,(anonymous_6)
FN:38,(anonymous_7)
FN:45,(anonymous_8)
FN:64,(anonymous_9)
FN:129,(anonymous_10)
FN:146,(anonymous_11)
FN:155,(anonymous_12)
FN:162,(anonymous_13)
FN:168,(anonymous_14)
FN:177,(anonymous_15)
FN:189,(anonymous_16)
FN:218,(anonymous_17)
FN:238,(anonymous_18)
FN:259,(anonymous_19)
FN:276,(anonymous_20)
FN:282,(anonymous_21)
FN:286,(anonymous_22)
FN:296,(anonymous_23)
FN:314,(anonymous_24)
FN:338,(anonymous_25)
FN:345,(anonymous_26)
FN:350,(anonymous_27)
FN:355,(anonymous_28)
FN:383,(anonymous_29)
FN:426,(anonymous_30)
FN:430,(anonymous_31)
FN:443,(anonymous_32)
FN:461,(anonymous_33)
FN:463,(anonymous_34)
FN:464,(anonymous_35)
FN:479,(anonymous_36)
FN:479,(anonymous_37)
FN:572,(anonymous_38)
FNF:39
FNH:0
FNDA:0,_interopRequireDefault
FNDA:0,getDisplayName
FNDA:0,(anonymous_2)
FNDA:0,(anonymous_3)
FNDA:0,(anonymous_4)
FNDA:0,(anonymous_5)
FNDA:0,(anonymous_6)
FNDA:0,(anonymous_7)
FNDA:0,(anonymous_8)
FNDA:0,(anonymous_9)
FNDA:0,(anonymous_10)
FNDA:0,(anonymous_11)
FNDA:0,(anonymous_12)
FNDA:0,(anonymous_13)
FNDA:0,(anonymous_14)
FNDA:0,(anonymous_15)
FNDA:0,(anonymous_16)
FNDA:0,(anonymous_17)
FNDA:0,(anonymous_18)
FNDA:0,(anonymous_19)
FNDA:0,(anonymous_20)
FNDA:0,(anonymous_21)
FNDA:0,(anonymous_22)
FNDA:0,(anonymous_23)
FNDA:0,(anonymous_24)
FNDA:0,(anonymous_25)
FNDA:0,(anonymous_26)
FNDA:0,(anonymous_27)
FNDA:0,(anonymous_28)
FNDA:0,(anonymous_29)
FNDA:0,(anonymous_30)
FNDA:0,(anonymous_31)
FNDA:0,(anonymous_32)
FNDA:0,(anonymous_33)
FNDA:0,(anonymous_34)
FNDA:0,(anonymous_35)
FNDA:0,(anonymous_36)
FNDA:0,(anonymous_37)
FNDA:0,(anonymous_38)
DA:1,0
DA:4,0
DA:5,0
DA:6,0
DA:7,0
DA:8,0
DA:9,0
DA:10,0
DA:14,0
DA:18,0
DA:19,0
DA:20,0
DA:22,0
DA:24,0
DA:27,0
DA:31,0
DA:40,0
DA:43,0
DA:46,0
DA:47,0
DA:48,0
DA:53,0
DA:65,0
DA:130,0
DA:131,0
DA:133,0
DA:134,0
DA:135,0
DA:136,0
DA:137,0
DA:138,0
DA:141,0
DA:142,0
DA:144,0
DA:145,0
DA:146,0
DA:147,0
DA:152,0
DA:153,0
DA:156,0
DA:163,0
DA:168,0
DA:174,0
DA:176,0
DA:177,0
DA:178,0
DA:179,0
DA:180,0
DA:182,0
DA:183,0
DA:186,0
DA:189,0
DA:190,0
DA:192,0
DA:194,0
DA:195,0
DA:197,0
DA:198,0
DA:200,0
DA:205,0
DA:206,0
DA:207,0
DA:208,0
DA:212,0
DA:213,0
DA:214,0
DA:215,0
DA:216,0
DA:218,0
DA:219,0
DA:221,0
DA:226,0
DA:235,0
DA:239,0
DA:240,0
DA:242,0
DA:243,0
DA:244,0
DA:247,0
DA:249,0
DA:256,0
DA:260,0
DA:261,0
DA:263,0
DA:264,0
DA:266,0
DA:268,0
DA:269,0
DA:277,0
DA:278,0
DA:280,0
DA:282,0
DA:283,0
DA:286,0
DA:287,0
DA:290,0
DA:292,0
DA:293,0
DA:297,0
DA:298,0
DA:299,0
DA:300,0
DA:302,0
DA:311,0
DA:315,0
DA:316,0
DA:318,0
DA:319,0
DA:322,0
DA:323,0
DA:325,0
DA:328,0
DA:335,0
DA:339,0
DA:341,0
DA:343,0
DA:345,0
DA:346,0
DA:347,0
DA:350,0
DA:351,0
DA:352,0
DA:355,0
DA:356,0
DA:357,0
DA:361,0
DA:363,0
DA:364,0
DA:365,0
DA:370,0
DA:380,0
DA:384,0
DA:385,0
DA:386,0
DA:387,0
DA:389,0
DA:390,0
DA:393,0
DA:394,0
DA:401,0
DA:407,0
DA:413,0
DA:419,0
DA:428,0
DA:430,0
DA:432,0
DA:433,0
DA:435,0
DA:436,0
DA:438,0
DA:443,0
DA:444,0
DA:447,0
DA:454,0
DA:461,0
DA:462,0
DA:463,0
DA:464,0
DA:479,0
DA:569,0
DA:573,0
DA:576,0
LF:162
LH:0
BRDA:10,0,0,0
BRDA:10,0,1,0
BRDA:10,1,0,0
BRDA:10,1,1,0
BRDA:14,2,0,0
BRDA:14,2,1,0
BRDA:14,2,2,0
BRDA:19,3,0,0
BRDA:19,3,1,0
BRDA:47,4,0,0
BRDA:47,4,1,0
BRDA:141,5,0,0
BRDA:141,5,1,0
BRDA:144,6,0,0
BRDA:144,6,1,0
BRDA:152,7,0,0
BRDA:152,7,1,0
BRDA:174,8,0,0
BRDA:174,8,1,0
BRDA:178,9,0,0
BRDA:178,9,1,0
BRDA:180,10,0,0
BRDA:180,10,1,0
BRDA:190,11,0,0
BRDA:190,11,1,0
BRDA:192,12,0,0
BRDA:192,12,1,0
BRDA:192,12,2,0
BRDA:205,13,0,0
BRDA:205,13,1,0
BRDA:212,14,0,0
BRDA:212,14,1,0
BRDA:215,15,0,0
BRDA:215,15,1,0
BRDA:219,16,0,0
BRDA:219,16,1,0
BRDA:219,16,2,0
BRDA:242,17,0,0
BRDA:242,17,1,0
BRDA:247,18,0,0
BRDA:247,18,1,0
BRDA:263,19,0,0
BRDA:263,19,1,0
BRDA:264,20,0,0
BRDA:264,20,1,0
BRDA:266,21,0,0
BRDA:266,21,1,0
BRDA:278,22,0,0
BRDA:278,22,1,0
BRDA:316,23,0,0
BRDA:316,23,1,0
BRDA:322,24,0,0
BRDA:322,24,1,0
BRDA:341,25,0,0
BRDA:341,25,1,0
BRDA:346,26,0,0
BRDA:346,26,1,0
BRDA:347,27,0,0
BRDA:347,27,1,0
BRDA:351,28,0,0
BRDA:351,28,1,0
BRDA:352,29,0,0
BRDA:352,29,1,0
BRDA:356,30,0,0
BRDA:356,30,1,0
BRDA:357,31,0,0
BRDA:357,31,1,0
BRDA:363,32,0,0
BRDA:363,32,1,0
BRDA:393,33,0,0
BRDA:393,33,1,0
BRDA:393,34,0,0
BRDA:393,34,1,0
BRDA:401,35,0,0
BRDA:401,35,1,0
BRDA:401,36,0,0
BRDA:401,36,1,0
BRDA:401,36,2,0
BRDA:403,37,0,0
BRDA:403,37,1,0
BRDA:407,38,0,0
BRDA:407,38,1,0
BRDA:407,39,0,0
BRDA:407,39,1,0
BRDA:409,40,0,0
BRDA:409,40,1,0
BRDA:432,41,0,0
BRDA:432,41,1,0
BRDA:433,42,0,0
BRDA:433,42,1,0
BRDA:435,43,0,0
BRDA:435,43,1,0
BRDA:435,44,0,0
BRDA:435,44,1,0
BRDA:436,45,0,0
BRDA:436,45,1,0
BRDA:438,46,0,0
BRDA:438,46,1,0
BRDA:479,47,0,0
BRDA:479,47,1,0
BRDA:479,48,0,0
BRDA:479,48,1,0
BRDA:491,49,0,0
BRDA:491,49,1,0
BRDA:507,50,0,0
BRDA:507,50,1,0
BRDA:524,51,0,0
BRDA:524,51,1,0
BRDA:529,52,0,0
BRDA:529,52,1,0
BRDA:542,53,0,0
BRDA:542,53,1,0
BRDA:546,54,0,0
BRDA:546,54,1,0
BRDA:554,55,0,0
BRDA:554,55,1,0
BRDA:560,56,0,0
BRDA:560,56,1,0
BRDA:560,56,2,0
BRF:119
BRH:0
end_of_record
TN:
SF:/Users/dwp/workspace/dwpComponents/react/src/table/components/Table.js
FN:9,_interopRequireDefault
FN:12,(anonymous_1)
FN:41,(anonymous_2)
FN:65,(anonymous_3)
FNF:4
FNH:0
FNDA:0,_interopRequireDefault
FNDA:0,(anonymous_1)
FNDA:0,(anonymous_2)
FNDA:0,(anonymous_3)
DA:1,0
DA:4,0
DA:5,0
DA:6,0
DA:7,0
DA:8,0
DA:9,0
DA:13,0
DA:15,0
DA:23,0
DA:30,0
DA:42,0
DA:66,0
DA:98,0
LF:14
LH:0
BRDA:9,0,0,0
BRDA:9,0,1,0
BRDA:9,1,0,0
BRDA:9,1,1,0
BRDA:33,2,0,0
BRDA:33,2,1,0
BRDA:37,3,0,0
BRDA:37,3,1,0
BRDA:43,4,0,0
BRDA:43,4,1,0
BRDA:43,5,0,0
BRDA:43,5,1,0
BRDA:61,6,0,0
BRDA:61,6,1,0
BRDA:67,7,0,0
BRDA:67,7,1,0
BRDA:67,8,0,0
BRDA:67,8,1,0
BRDA:73,9,0,0
BRDA:73,9,1,0
BRDA:85,10,0,0
BRDA:85,10,1,0
BRDA:91,11,0,0
BRDA:91,11,1,0
BRF:24
BRH:0
end_of_record
TN:
SF:/Users/dwp/workspace/dwpComponents/react/src/table/components/Tbody.js
FN:5,_interopRequireDefault
FN:9,(anonymous_1)
FN:13,(anonymous_2)
FN:17,(anonymous_3)
FN:21,(anonymous_4)
FN:25,(anonymous_5)
FN:28,(anonymous_6)
FN:32,(anonymous_7)
FNF:8
FNH:0
FNDA:0,_interopRequireDefault
FNDA:0,(anonymous_1)
FNDA:0,(anonymous_2)
FNDA:0,(anonymous_3)
FNDA:0,(anonymous_4)
FNDA:0,(anonymous_5)
FNDA:0,(anonymous_6)
FNDA:0,(anonymous_7)
DA:1,0
DA:4,0
DA:5,0
DA:10,0
DA:14,0
DA:18,0
DA:22,0
DA:24,0
DA:25,0
DA:29,0
DA:33,0
DA:54,0
LF:12
LH:0
BRDA:5,0,0,0
BRDA:5,0,1,0
BRDA:5,1,0,0
BRDA:5,1,1,0
BRDA:10,2,0,0
BRDA:10,2,1,0
BRDA:14,3,0,0
BRDA:14,3,1,0
BRDA:14,4,0,0
BRDA:14,4,1,0
BRDA:18,5,0,0
BRDA:18,5,1,0
BRDA:27,6,0,0
BRDA:27,6,1,0
BRDA:30,7,0,0
BRDA:30,7,1,0
BRDA:36,8,0,0
BRDA:36,8,1,0
BRDA:37,9,0,0
BRDA:37,9,1,0
BRDA:37,9,2,0
BRDA:37,9,3,0
BRDA:40,10,0,0
BRDA:40,10,1,0
BRF:24
BRH:0
end_of_record
TN:
SF:/Users/dwp/workspace/dwpComponents/react/src/table/components/Thead.js
FN:6,_interopRequireDefault
FN:9,(anonymous_1)
FN:13,(anonymous_2)
FN:17,(anonymous_3)
FN:20,(anonymous_4)
FN:38,(anonymous_5)
FN:43,(anonymous_6)
FN:51,(anonymous_7)
FNF:8
FNH:0
FNDA:0,_interopRequireDefault
FNDA:0,(anonymous_1)
FNDA:0,(anonymous_2)
FNDA:0,(anonymous_3)
FNDA:0,(anonymous_4)
FNDA:0,(anonymous_5)
FNDA:0,(anonymous_6)
FNDA:0,(anonymous_7)
DA:1,0
DA:4,0
DA:5,0
DA:6,0
DA:10,0
DA:14,0
DA:16,0
DA:17,0
DA:21,0
DA:38,0
DA:43,0
DA:51,0
DA:61,0
LF:13
LH:0
BRDA:6,0,0,0
BRDA:6,0,1,0
BRDA:6,1,0,0
BRDA:6,1,1,0
BRDA:10,2,0,0
BRDA:10,2,1,0
BRDA:24,3,0,0
BRDA:24,3,1,0
BRDA:25,4,0,0
BRDA:25,4,1,0
BRDA:25,4,2,0
BRDA:25,4,3,0
BRDA:28,5,0,0
BRDA:28,5,1,0
BRDA:31,6,0,0
BRDA:31,6,1,0
BRDA:33,7,0,0
BRDA:33,7,1,0
BRDA:37,8,0,0
BRDA:37,8,1,0
BRDA:37,9,0,0
BRDA:37,9,1,0
BRDA:42,10,0,0
BRDA:42,10,1,0
BRDA:42,11,0,0
BRDA:42,11,1,0
BRDA:48,12,0,0
BRDA:48,12,1,0
BRF:28
BRH:0
end_of_record
TN:
SF:/Users/dwp/workspace/dwpComponents/react/src/table/hoc/GetTrHeight.js
FN:5,_interopRequireDefault
FN:7,(anonymous_1)
FN:9,(anonymous_2)
FN:13,(anonymous_3)
FN:25,(anonymous_4)
FNF:5
FNH:0
FNDA:0,_interopRequireDefault
FNDA:0,(anonymous_1)
FNDA:0,(anonymous_2)
FNDA:0,(anonymous_3)
FNDA:0,(anonymous_4)
DA:1,0
DA:4,0
DA:5,0
DA:7,0
DA:10,0
DA:14,0
DA:15,0
DA:16,0
DA:18,0
DA:19,0
DA:22,0
DA:26,0
DA:32,0
LF:13
LH:0
BRDA:5,0,0,0
BRDA:5,0,1,0
BRDA:5,1,0,0
BRDA:5,1,1,0
BRDA:18,2,0,0
BRDA:18,2,1,0
BRDA:18,3,0,0
BRDA:18,3,1,0
BRDA:22,4,0,0
BRDA:22,4,1,0
BRF:10
BRH:0
end_of_record
TN:
SF:/Users/dwp/workspace/dwpComponents/react/src/table/hoc/TbodyHoc.js
FN:5,_interopRequireDefault
FNF:1
FNH:0
FNDA:0,_interopRequireDefault
DA:1,0
DA:4,0
DA:5,0
DA:7,0
LF:4
LH:0
BRDA:5,0,0,0
BRDA:5,0,1,0
BRDA:5,1,0,0
BRDA:5,1,1,0
BRF:4
BRH:0
end_of_record
TN:
SF:/Users/dwp/workspace/dwpComponents/react/src/table/hoc/TheadHoc.js
FN:5,_interopRequireDefault
FNF:1
FNH:0
FNDA:0,_interopRequireDefault
DA:1,0
DA:4,0
DA:5,0
DA:7,0
LF:4
LH:0
BRDA:5,0,0,0
BRDA:5,0,1,0
BRDA:5,1,0,0
BRDA:5,1,1,0
BRF:4
BRH:0
end_of_record
